# JRE version: OpenJDK Runtime Environment Corretto-11.0.12.7.1 (11.0.12+7) (build 11.0.12+7-LTS)
# Java VM: OpenJDK 64-Bit Server VM Corretto-11.0.12.7.1 (11.0.12+7-LTS, mixed mode, tiered, compressed oops, parallel gc, windows-amd64)
Heap:
 PSYoungGen      total 52736K, used 39366K [0x00000000eab00000, 0x00000000f1400000, 0x0000000100000000)
  eden space 26624K, 49% used [0x00000000eab00000,0x00000000eb7f8870,0x00000000ec500000)
  from space 26112K, 99% used [0x00000000ec780000,0x00000000ee0f9080,0x00000000ee100000)
  to   space 40448K, 0% used [0x00000000eec80000,0x00000000eec80000,0x00000000f1400000)
 ParOldGen       total 471552K, used 378058K [0x00000000c0000000, 0x00000000dcc80000, 0x00000000eab00000)
  object space 471552K, 80% used [0x00000000c0000000,0x00000000d71329f0,0x00000000dcc80000)
 Metaspace       used 60917K, capacity 64223K, committed 64512K, reserved 1105920K
  class space    used 6107K, capacity 7322K, committed 7424K, reserved 1048576K
GC Heap History (20 events):
Event: 46.789 GC heap before
{Heap before GC invocations=87 (full 8):
 PSYoungGen      total 49152K, used 48725K [0x00000000eab00000, 0x00000000ef180000, 0x0000000100000000)
  eden space 32768K, 100% used [0x00000000eab00000,0x00000000ecb00000,0x00000000ecb00000)
  from space 16384K, 97% used [0x00000000ee180000,0x00000000ef1155a0,0x00000000ef180000)
  to   space 18432K, 0% used [0x00000000ecd80000,0x00000000ecd80000,0x00000000edf80000)
 ParOldGen       total 292352K, used 276936K [0x00000000c0000000, 0x00000000d1d80000, 0x00000000eab00000)
  object space 292352K, 94% used [0x00000000c0000000,0x00000000d0e720e0,0x00000000d1d80000)
 Metaspace       used 58932K, capacity 62185K, committed 62464K, reserved 1103872K
  class space    used 5915K, capacity 7078K, committed 7168K, reserved 1048576K
}
Event: 46.900 GC heap after
{Heap after GC invocations=87 (full 8):
 PSYoungGen      total 53760K, used 18424K [0x00000000eab00000, 0x00000000efe80000, 0x0000000100000000)
  eden space 35328K, 0% used [0x00000000eab00000,0x00000000eab00000,0x00000000ecd80000)
  from space 18432K, 99% used [0x00000000ecd80000,0x00000000edf7e360,0x00000000edf80000)
  to   space 25088K, 0% used [0x00000000ee600000,0x00000000ee600000,0x00000000efe80000)
 ParOldGen       total 292352K, used 281825K [0x00000000c0000000, 0x00000000d1d80000, 0x00000000eab00000)
  object space 292352K, 96% used [0x00000000c0000000,0x00000000d1338418,0x00000000d1d80000)
 Metaspace       used 58932K, capacity 62185K, committed 62464K, reserved 1103872K
  class space    used 5915K, capacity 7078K, committed 7168K, reserved 1048576K
}
Event: 47.676 GC heap before
{Heap before GC invocations=88 (full 8):
 PSYoungGen      total 53760K, used 53752K [0x00000000eab00000, 0x00000000efe80000, 0x0000000100000000)
  eden space 35328K, 100% used [0x00000000eab00000,0x00000000ecd80000,0x00000000ecd80000)
  from space 18432K, 99% used [0x00000000ecd80000,0x00000000edf7e360,0x00000000edf80000)
  to   space 25088K, 0% used [0x00000000ee600000,0x00000000ee600000,0x00000000efe80000)
 ParOldGen       total 292352K, used 281825K [0x00000000c0000000, 0x00000000d1d80000, 0x00000000eab00000)
  object space 292352K, 96% used [0x00000000c0000000,0x00000000d1338418,0x00000000d1d80000)
 Metaspace       used 58932K, capacity 62185K, committed 62464K, reserved 1103872K
  class space    used 5915K, capacity 7078K, committed 7168K, reserved 1048576K
}
Event: 47.819 GC heap after
{Heap after GC invocations=88 (full 8):
 PSYoungGen      total 56320K, used 17789K [0x00000000eab00000, 0x00000000ef780000, 0x0000000100000000)
  eden space 38400K, 0% used [0x00000000eab00000,0x00000000eab00000,0x00000000ed080000)
  from space 17920K, 99% used [0x00000000ee600000,0x00000000ef75f450,0x00000000ef780000)
  to   space 19968K, 0% used [0x00000000ed080000,0x00000000ed080000,0x00000000ee400000)
 ParOldGen       total 292352K, used 290712K [0x00000000c0000000, 0x00000000d1d80000, 0x00000000eab00000)
  object space 292352K, 99% used [0x00000000c0000000,0x00000000d1be6018,0x00000000d1d80000)
 Metaspace       used 58932K, capacity 62185K, committed 62464K, reserved 1103872K
  class space    used 5915K, capacity 7078K, committed 7168K, reserved 1048576K
}
Event: 47.819 GC heap before
{Heap before GC invocations=89 (full 9):
 PSYoungGen      total 56320K, used 17789K [0x00000000eab00000, 0x00000000ef780000, 0x0000000100000000)
  eden space 38400K, 0% used [0x00000000eab00000,0x00000000eab00000,0x00000000ed080000)
  from space 17920K, 99% used [0x00000000ee600000,0x00000000ef75f450,0x00000000ef780000)
  to   space 19968K, 0% used [0x00000000ed080000,0x00000000ed080000,0x00000000ee400000)
 ParOldGen       total 292352K, used 290712K [0x00000000c0000000, 0x00000000d1d80000, 0x00000000eab00000)
  object space 292352K, 99% used [0x00000000c0000000,0x00000000d1be6018,0x00000000d1d80000)
 Metaspace       used 58932K, capacity 62185K, committed 62464K, reserved 1103872K
  class space    used 5915K, capacity 7078K, committed 7168K, reserved 1048576K
}
Event: 50.924 GC heap after
{Heap after GC invocations=89 (full 9):
 PSYoungGen      total 58368K, used 13124K [0x00000000eab00000, 0x00000000efa00000, 0x0000000100000000)
  eden space 40448K, 0% used [0x00000000eab00000,0x00000000eab00000,0x00000000ed280000)
  from space 17920K, 73% used [0x00000000ee600000,0x00000000ef2d13d8,0x00000000ef780000)
  to   space 19968K, 0% used [0x00000000ed280000,0x00000000ed280000,0x00000000ee600000)
 ParOldGen       total 367104K, used 292067K [0x00000000c0000000, 0x00000000d6680000, 0x00000000eab00000)
  object space 367104K, 79% used [0x00000000c0000000,0x00000000d1d38c10,0x00000000d6680000)
 Metaspace       used 58932K, capacity 62185K, committed 62464K, reserved 1103872K
  class space    used 5915K, capacity 7078K, committed 7168K, reserved 1048576K
}
Event: 51.386 GC heap before
{Heap before GC invocations=90 (full 9):
 PSYoungGen      total 58368K, used 53572K [0x00000000eab00000, 0x00000000efa00000, 0x0000000100000000)
  eden space 40448K, 100% used [0x00000000eab00000,0x00000000ed280000,0x00000000ed280000)
  from space 17920K, 73% used [0x00000000ee600000,0x00000000ef2d13d8,0x00000000ef780000)
  to   space 19968K, 0% used [0x00000000ed280000,0x00000000ed280000,0x00000000ee600000)
 ParOldGen       total 367104K, used 292067K [0x00000000c0000000, 0x00000000d6680000, 0x00000000eab00000)
  object space 367104K, 79% used [0x00000000c0000000,0x00000000d1d38c10,0x00000000d6680000)
 Metaspace       used 58932K, capacity 62185K, committed 62464K, reserved 1103872K
  class space    used 5915K, capacity 7078K, committed 7168K, reserved 1048576K
}
Event: 51.466 GC heap after
{Heap after GC invocations=90 (full 9):
 PSYoungGen      total 60416K, used 19948K [0x00000000eab00000, 0x00000000f0600000, 0x0000000100000000)
  eden space 40448K, 0% used [0x00000000eab00000,0x00000000eab00000,0x00000000ed280000)
  from space 19968K, 99% used [0x00000000ed280000,0x00000000ee5fb1a8,0x00000000ee600000)
  to   space 25088K, 0% used [0x00000000eed80000,0x00000000eed80000,0x00000000f0600000)
 ParOldGen       total 367104K, used 295776K [0x00000000c0000000, 0x00000000d6680000, 0x00000000eab00000)
  object space 367104K, 80% used [0x00000000c0000000,0x00000000d20d82d0,0x00000000d6680000)
 Metaspace       used 58932K, capacity 62185K, committed 62464K, reserved 1103872K
  class space    used 5915K, capacity 7078K, committed 7168K, reserved 1048576K
}
Event: 51.686 GC heap before
{Heap before GC invocations=91 (full 9):
 PSYoungGen      total 60416K, used 60396K [0x00000000eab00000, 0x00000000f0600000, 0x0000000100000000)
  eden space 40448K, 100% used [0x00000000eab00000,0x00000000ed280000,0x00000000ed280000)
  from space 19968K, 99% used [0x00000000ed280000,0x00000000ee5fb1a8,0x00000000ee600000)
  to   space 25088K, 0% used [0x00000000eed80000,0x00000000eed80000,0x00000000f0600000)
 ParOldGen       total 367104K, used 295776K [0x00000000c0000000, 0x00000000d6680000, 0x00000000eab00000)
  object space 367104K, 80% used [0x00000000c0000000,0x00000000d20d82d0,0x00000000d6680000)
 Metaspace       used 58932K, capacity 62185K, committed 62464K, reserved 1103872K
  class space    used 5915K, capacity 7078K, committed 7168K, reserved 1048576K
}
Event: 51.730 GC heap after
{Heap after GC invocations=91 (full 9):
 PSYoungGen      total 59392K, used 25079K [0x00000000eab00000, 0x00000000f1700000, 0x0000000100000000)
  eden space 34304K, 0% used [0x00000000eab00000,0x00000000eab00000,0x00000000ecc80000)
  from space 25088K, 99% used [0x00000000eed80000,0x00000000f05fdea8,0x00000000f0600000)
  to   space 33792K, 0% used [0x00000000ecc80000,0x00000000ecc80000,0x00000000eed80000)
 ParOldGen       total 367104K, used 302625K [0x00000000c0000000, 0x00000000d6680000, 0x00000000eab00000)
  object space 367104K, 82% used [0x00000000c0000000,0x00000000d2788598,0x00000000d6680000)
 Metaspace       used 58932K, capacity 62185K, committed 62464K, reserved 1103872K
  class space    used 5915K, capacity 7078K, committed 7168K, reserved 1048576K
}
Event: 51.832 GC heap before
{Heap before GC invocations=92 (full 9):
 PSYoungGen      total 59392K, used 59383K [0x00000000eab00000, 0x00000000f1700000, 0x0000000100000000)
  eden space 34304K, 100% used [0x00000000eab00000,0x00000000ecc80000,0x00000000ecc80000)
  from space 25088K, 99% used [0x00000000eed80000,0x00000000f05fdea8,0x00000000f0600000)
  to   space 33792K, 0% used [0x00000000ecc80000,0x00000000ecc80000,0x00000000eed80000)
 ParOldGen       total 367104K, used 302625K [0x00000000c0000000, 0x00000000d6680000, 0x00000000eab00000)
  object space 367104K, 82% used [0x00000000c0000000,0x00000000d2788598,0x00000000d6680000)
 Metaspace       used 58932K, capacity 62185K, committed 62464K, reserved 1103872K
  class space    used 5915K, capacity 7078K, committed 7168K, reserved 1048576K
}
Event: 51.861 GC heap after
{Heap after GC invocations=92 (full 9):
 PSYoungGen      total 59904K, used 25401K [0x00000000eab00000, 0x00000000f0600000, 0x0000000100000000)
  eden space 34304K, 0% used [0x00000000eab00000,0x00000000eab00000,0x00000000ecc80000)
  from space 25600K, 99% used [0x00000000ecc80000,0x00000000ee54e670,0x00000000ee580000)
  to   space 28160K, 0% used [0x00000000eea80000,0x00000000eea80000,0x00000000f0600000)
 ParOldGen       total 367104K, used 315824K [0x00000000c0000000, 0x00000000d6680000, 0x00000000eab00000)
  object space 367104K, 86% used [0x00000000c0000000,0x00000000d346c100,0x00000000d6680000)
 Metaspace       used 58932K, capacity 62185K, committed 62464K, reserved 1103872K
  class space    used 5915K, capacity 7078K, committed 7168K, reserved 1048576K
}
Event: 52.680 GC heap before
{Heap before GC invocations=93 (full 9):
 PSYoungGen      total 59904K, used 59598K [0x00000000eab00000, 0x00000000f0600000, 0x0000000100000000)
  eden space 34304K, 99% used [0x00000000eab00000,0x00000000ecc653d8,0x00000000ecc80000)
  from space 25600K, 99% used [0x00000000ecc80000,0x00000000ee54e670,0x00000000ee580000)
  to   space 28160K, 0% used [0x00000000eea80000,0x00000000eea80000,0x00000000f0600000)
 ParOldGen       total 367104K, used 315824K [0x00000000c0000000, 0x00000000d6680000, 0x00000000eab00000)
  object space 367104K, 86% used [0x00000000c0000000,0x00000000d346c100,0x00000000d6680000)
 Metaspace       used 58937K, capacity 62185K, committed 62464K, reserved 1103872K
  class space    used 5915K, capacity 7078K, committed 7168K, reserved 1048576K
}
Event: 52.720 GC heap after
{Heap after GC invocations=93 (full 9):
 PSYoungGen      total 52224K, used 28155K [0x00000000eab00000, 0x00000000f1f00000, 0x0000000100000000)
  eden space 24064K, 0% used [0x00000000eab00000,0x00000000eab00000,0x00000000ec280000)
  from space 28160K, 99% used [0x00000000eea80000,0x00000000f05fed30,0x00000000f0600000)
  to   space 40960K, 0% used [0x00000000ec280000,0x00000000ec280000,0x00000000eea80000)
 ParOldGen       total 367104K, used 326019K [0x00000000c0000000, 0x00000000d6680000, 0x00000000eab00000)
  object space 367104K, 88% used [0x00000000c0000000,0x00000000d3e60d88,0x00000000d6680000)
 Metaspace       used 58937K, capacity 62185K, committed 62464K, reserved 1103872K
  class space    used 5915K, capacity 7078K, committed 7168K, reserved 1048576K
}
Event: 53.636 GC heap before
{Heap before GC invocations=94 (full 9):
 PSYoungGen      total 52224K, used 52219K [0x00000000eab00000, 0x00000000f1f00000, 0x0000000100000000)
  eden space 24064K, 100% used [0x00000000eab00000,0x00000000ec280000,0x00000000ec280000)
  from space 28160K, 99% used [0x00000000eea80000,0x00000000f05fed30,0x00000000f0600000)
  to   space 40960K, 0% used [0x00000000ec280000,0x00000000ec280000,0x00000000eea80000)
 ParOldGen       total 367104K, used 326019K [0x00000000c0000000, 0x00000000d6680000, 0x00000000eab00000)
  object space 367104K, 88% used [0x00000000c0000000,0x00000000d3e60d88,0x00000000d6680000)
 Metaspace       used 58937K, capacity 62185K, committed 62464K, reserved 1103872K
  class space    used 5915K, capacity 7078K, committed 7168K, reserved 1048576K
}
Event: 53.693 GC heap after
{Heap after GC invocations=94 (full 9):
 PSYoungGen      total 50176K, used 26037K [0x00000000eab00000, 0x00000000f0000000, 0x0000000100000000)
  eden space 24064K, 0% used [0x00000000eab00000,0x00000000eab00000,0x00000000ec280000)
  from space 26112K, 99% used [0x00000000ec280000,0x00000000edbed698,0x00000000edc00000)
  to   space 30720K, 0% used [0x00000000ee200000,0x00000000ee200000,0x00000000f0000000)
 ParOldGen       total 367104K, used 348384K [0x00000000c0000000, 0x00000000d6680000, 0x00000000eab00000)
  object space 367104K, 94% used [0x00000000c0000000,0x00000000d54382a8,0x00000000d6680000)
 Metaspace       used 58937K, capacity 62185K, committed 62464K, reserved 1103872K
  class space    used 5915K, capacity 7078K, committed 7168K, reserved 1048576K
}
Event: 53.693 GC heap before
{Heap before GC invocations=95 (full 10):
 PSYoungGen      total 50176K, used 26037K [0x00000000eab00000, 0x00000000f0000000, 0x0000000100000000)
  eden space 24064K, 0% used [0x00000000eab00000,0x00000000eab00000,0x00000000ec280000)
  from space 26112K, 99% used [0x00000000ec280000,0x00000000edbed698,0x00000000edc00000)
  to   space 30720K, 0% used [0x00000000ee200000,0x00000000ee200000,0x00000000f0000000)
 ParOldGen       total 367104K, used 348384K [0x00000000c0000000, 0x00000000d6680000, 0x00000000eab00000)
  object space 367104K, 94% used [0x00000000c0000000,0x00000000d54382a8,0x00000000d6680000)
 Metaspace       used 58937K, capacity 62185K, committed 62464K, reserved 1103872K
  class space    used 5915K, capacity 7078K, committed 7168K, reserved 1048576K
}
Event: 55.228 GC heap after
{Heap after GC invocations=95 (full 10):
 PSYoungGen      total 50176K, used 2412K [0x00000000eab00000, 0x00000000f0000000, 0x0000000100000000)
  eden space 24064K, 0% used [0x00000000eab00000,0x00000000eab00000,0x00000000ec280000)
  from space 26112K, 9% used [0x00000000ec280000,0x00000000ec4db2d8,0x00000000edc00000)
  to   space 30720K, 0% used [0x00000000ee200000,0x00000000ee200000,0x00000000f0000000)
 ParOldGen       total 471552K, used 366393K [0x00000000c0000000, 0x00000000dcc80000, 0x00000000eab00000)
  object space 471552K, 77% used [0x00000000c0000000,0x00000000d65ce5b8,0x00000000dcc80000)
 Metaspace       used 58937K, capacity 62185K, committed 62464K, reserved 1103872K
  class space    used 5915K, capacity 7078K, committed 7168K, reserved 1048576K
}
Event: 56.192 GC heap before
{Heap before GC invocations=96 (full 10):
 PSYoungGen      total 50176K, used 25943K [0x00000000eab00000, 0x00000000f0000000, 0x0000000100000000)
  eden space 24064K, 97% used [0x00000000eab00000,0x00000000ec1fabe0,0x00000000ec280000)
  from space 26112K, 9% used [0x00000000ec280000,0x00000000ec4db2d8,0x00000000edc00000)
  to   space 30720K, 0% used [0x00000000ee200000,0x00000000ee200000,0x00000000f0000000)
 ParOldGen       total 471552K, used 366393K [0x00000000c0000000, 0x00000000dcc80000, 0x00000000eab00000)
  object space 471552K, 77% used [0x00000000c0000000,0x00000000d65ce5b8,0x00000000dcc80000)
 Metaspace       used 58938K, capacity 62185K, committed 62464K, reserved 1103872K
  class space    used 5915K, capacity 7078K, committed 7168K, reserved 1048576K
}
Event: 56.300 GC heap after
{Heap after GC invocations=96 (full 10):
 PSYoungGen      total 50688K, used 24895K [0x00000000eab00000, 0x00000000efa80000, 0x0000000100000000)
  eden space 25600K, 0% used [0x00000000eab00000,0x00000000eab00000,0x00000000ec400000)
  from space 25088K, 99% used [0x00000000ee200000,0x00000000efa4fde0,0x00000000efa80000)
  to   space 26112K, 0% used [0x00000000ec780000,0x00000000ec780000,0x00000000ee100000)
 ParOldGen       total 471552K, used 366393K [0x00000000c0000000, 0x00000000dcc80000, 0x00000000eab00000)
  object space 471552K, 77% used [0x00000000c0000000,0x00000000d65ce5b8,0x00000000dcc80000)
 Metaspace       used 58938K, capacity 62185K, committed 62464K, reserved 1103872K
  class space    used 5915K, capacity 7078K, committed 7168K, reserved 1048576K
}

