# JRE version: OpenJDK Runtime Environment Corretto-11.0.12.7.1 (11.0.12+7) (build 11.0.12+7-LTS)
# Java VM: OpenJDK 64-Bit Server VM Corretto-11.0.12.7.1 (11.0.12+7-LTS, mixed mode, tiered, compressed oops, parallel gc, windows-amd64)
Heap:
 PSYoungGen      total 26112K, used 21595K [0x00000000eab00000, 0x00000000ec980000, 0x0000000100000000)
  eden space 20992K, 80% used [0x00000000eab00000,0x00000000ebb681c8,0x00000000ebf80000)
  from space 5120K, 93% used [0x00000000ec100000,0x00000000ec5aebf0,0x00000000ec600000)
  to   space 3584K, 0% used [0x00000000ec600000,0x00000000ec600000,0x00000000ec980000)
 ParOldGen       total 278016K, used 133344K [0x00000000c0000000, 0x00000000d0f80000, 0x00000000eab00000)
  object space 278016K, 47% used [0x00000000c0000000,0x00000000c8238248,0x00000000d0f80000)
 Metaspace       used 66927K, capacity 70362K, committed 70528K, reserved 1112064K
  class space    used 6507K, capacity 7733K, committed 7808K, reserved 1048576K
GC Heap History (20 events):
Event: 71.002 GC heap before
{Heap before GC invocations=86 (full 6):
 PSYoungGen      total 21504K, used 20954K [0x00000000eab00000, 0x00000000ec780000, 0x0000000100000000)
  eden space 15360K, 99% used [0x00000000eab00000,0x00000000eb9efb90,0x00000000eba00000)
  from space 6144K, 92% used [0x00000000ebb80000,0x00000000ec106ec8,0x00000000ec180000)
  to   space 6144K, 0% used [0x00000000ec180000,0x00000000ec180000,0x00000000ec780000)
 ParOldGen       total 239104K, used 236493K [0x00000000c0000000, 0x00000000ce980000, 0x00000000eab00000)
  object space 239104K, 98% used [0x00000000c0000000,0x00000000ce6f37a8,0x00000000ce980000)
 Metaspace       used 66484K, capacity 69963K, committed 70272K, reserved 1112064K
  class space    used 6492K, capacity 7728K, committed 7808K, reserved 1048576K
}
Event: 71.008 GC heap after
{Heap after GC invocations=86 (full 6):
 PSYoungGen      total 21504K, used 5161K [0x00000000eab00000, 0x00000000ec700000, 0x0000000100000000)
  eden space 15872K, 0% used [0x00000000eab00000,0x00000000eab00000,0x00000000eba80000)
  from space 5632K, 91% used [0x00000000ec180000,0x00000000ec68a738,0x00000000ec700000)
  to   space 5632K, 0% used [0x00000000ebc00000,0x00000000ebc00000,0x00000000ec180000)
 ParOldGen       total 239104K, used 236501K [0x00000000c0000000, 0x00000000ce980000, 0x00000000eab00000)
  object space 239104K, 98% used [0x00000000c0000000,0x00000000ce6f57a8,0x00000000ce980000)
 Metaspace       used 66484K, capacity 69963K, committed 70272K, reserved 1112064K
  class space    used 6492K, capacity 7728K, committed 7808K, reserved 1048576K
}
Event: 71.259 GC heap before
{Heap before GC invocations=87 (full 6):
 PSYoungGen      total 21504K, used 21033K [0x00000000eab00000, 0x00000000ec700000, 0x0000000100000000)
  eden space 15872K, 100% used [0x00000000eab00000,0x00000000eba80000,0x00000000eba80000)
  from space 5632K, 91% used [0x00000000ec180000,0x00000000ec68a738,0x00000000ec700000)
  to   space 5632K, 0% used [0x00000000ebc00000,0x00000000ebc00000,0x00000000ec180000)
 ParOldGen       total 239104K, used 236501K [0x00000000c0000000, 0x00000000ce980000, 0x00000000eab00000)
  object space 239104K, 98% used [0x00000000c0000000,0x00000000ce6f57a8,0x00000000ce980000)
 Metaspace       used 66505K, capacity 69963K, committed 70272K, reserved 1112064K
  class space    used 6492K, capacity 7728K, committed 7808K, reserved 1048576K
}
Event: 71.275 GC heap after
{Heap after GC invocations=87 (full 6):
 PSYoungGen      total 22528K, used 5609K [0x00000000eab00000, 0x00000000ed280000, 0x0000000100000000)
  eden space 16896K, 0% used [0x00000000eab00000,0x00000000eab00000,0x00000000ebb80000)
  from space 5632K, 99% used [0x00000000ebc00000,0x00000000ec17a718,0x00000000ec180000)
  to   space 11776K, 0% used [0x00000000ec700000,0x00000000ec700000,0x00000000ed280000)
 ParOldGen       total 243200K, used 241400K [0x00000000c0000000, 0x00000000ced80000, 0x00000000eab00000)
  object space 243200K, 99% used [0x00000000c0000000,0x00000000cebbe190,0x00000000ced80000)
 Metaspace       used 66505K, capacity 69963K, committed 70272K, reserved 1112064K
  class space    used 6492K, capacity 7728K, committed 7808K, reserved 1048576K
}
Event: 71.275 GC heap before
{Heap before GC invocations=88 (full 7):
 PSYoungGen      total 22528K, used 5609K [0x00000000eab00000, 0x00000000ed280000, 0x0000000100000000)
  eden space 16896K, 0% used [0x00000000eab00000,0x00000000eab00000,0x00000000ebb80000)
  from space 5632K, 99% used [0x00000000ebc00000,0x00000000ec17a718,0x00000000ec180000)
  to   space 11776K, 0% used [0x00000000ec700000,0x00000000ec700000,0x00000000ed280000)
 ParOldGen       total 243200K, used 241400K [0x00000000c0000000, 0x00000000ced80000, 0x00000000eab00000)
  object space 243200K, 99% used [0x00000000c0000000,0x00000000cebbe190,0x00000000ced80000)
 Metaspace       used 66505K, capacity 69963K, committed 70272K, reserved 1112064K
  class space    used 6492K, capacity 7728K, committed 7808K, reserved 1048576K
}
Event: 71.597 GC heap after
{Heap after GC invocations=88 (full 7):
 PSYoungGen      total 28672K, used 0K [0x00000000eab00000, 0x00000000ed380000, 0x0000000100000000)
  eden space 16896K, 0% used [0x00000000eab00000,0x00000000eab00000,0x00000000ebb80000)
  from space 11776K, 0% used [0x00000000ec700000,0x00000000ec700000,0x00000000ed280000)
  to   space 11776K, 0% used [0x00000000ebb80000,0x00000000ebb80000,0x00000000ec700000)
 ParOldGen       total 278016K, used 126633K [0x00000000c0000000, 0x00000000d0f80000, 0x00000000eab00000)
  object space 278016K, 45% used [0x00000000c0000000,0x00000000c7baa6c0,0x00000000d0f80000)
 Metaspace       used 66505K, capacity 69963K, committed 70272K, reserved 1112064K
  class space    used 6492K, capacity 7728K, committed 7808K, reserved 1048576K
}
Event: 71.792 GC heap before
{Heap before GC invocations=89 (full 7):
 PSYoungGen      total 28672K, used 16896K [0x00000000eab00000, 0x00000000ed380000, 0x0000000100000000)
  eden space 16896K, 100% used [0x00000000eab00000,0x00000000ebb80000,0x00000000ebb80000)
  from space 11776K, 0% used [0x00000000ec700000,0x00000000ec700000,0x00000000ed280000)
  to   space 11776K, 0% used [0x00000000ebb80000,0x00000000ebb80000,0x00000000ec700000)
 ParOldGen       total 278016K, used 126633K [0x00000000c0000000, 0x00000000d0f80000, 0x00000000eab00000)
  object space 278016K, 45% used [0x00000000c0000000,0x00000000c7baa6c0,0x00000000d0f80000)
 Metaspace       used 66505K, capacity 69963K, committed 70272K, reserved 1112064K
  class space    used 6492K, capacity 7728K, committed 7808K, reserved 1048576K
}
Event: 71.806 GC heap after
{Heap after GC invocations=89 (full 7):
 PSYoungGen      total 19968K, used 3034K [0x00000000eab00000, 0x00000000ec880000, 0x0000000100000000)
  eden space 16896K, 0% used [0x00000000eab00000,0x00000000eab00000,0x00000000ebb80000)
  from space 3072K, 98% used [0x00000000ebb80000,0x00000000ebe76900,0x00000000ebe80000)
  to   space 6144K, 0% used [0x00000000ec280000,0x00000000ec280000,0x00000000ec880000)
 ParOldGen       total 278016K, used 126633K [0x00000000c0000000, 0x00000000d0f80000, 0x00000000eab00000)
  object space 278016K, 45% used [0x00000000c0000000,0x00000000c7baa6c0,0x00000000d0f80000)
 Metaspace       used 66505K, capacity 69963K, committed 70272K, reserved 1112064K
  class space    used 6492K, capacity 7728K, committed 7808K, reserved 1048576K
}
Event: 72.525 GC heap before
{Heap before GC invocations=90 (full 7):
 PSYoungGen      total 19968K, used 19930K [0x00000000eab00000, 0x00000000ec880000, 0x0000000100000000)
  eden space 16896K, 100% used [0x00000000eab00000,0x00000000ebb80000,0x00000000ebb80000)
  from space 3072K, 98% used [0x00000000ebb80000,0x00000000ebe76900,0x00000000ebe80000)
  to   space 6144K, 0% used [0x00000000ec280000,0x00000000ec280000,0x00000000ec880000)
 ParOldGen       total 278016K, used 126633K [0x00000000c0000000, 0x00000000d0f80000, 0x00000000eab00000)
  object space 278016K, 45% used [0x00000000c0000000,0x00000000c7baa6c0,0x00000000d0f80000)
 Metaspace       used 66510K, capacity 70027K, committed 70272K, reserved 1112064K
  class space    used 6492K, capacity 7728K, committed 7808K, reserved 1048576K
}
Event: 72.533 GC heap after
{Heap after GC invocations=90 (full 7):
 PSYoungGen      total 22016K, used 3690K [0x00000000eab00000, 0x00000000ec680000, 0x0000000100000000)
  eden space 17920K, 0% used [0x00000000eab00000,0x00000000eab00000,0x00000000ebc80000)
  from space 4096K, 90% used [0x00000000ec280000,0x00000000ec61a800,0x00000000ec680000)
  to   space 4096K, 0% used [0x00000000ebe80000,0x00000000ebe80000,0x00000000ec280000)
 ParOldGen       total 278016K, used 126633K [0x00000000c0000000, 0x00000000d0f80000, 0x00000000eab00000)
  object space 278016K, 45% used [0x00000000c0000000,0x00000000c7baa6c0,0x00000000d0f80000)
 Metaspace       used 66510K, capacity 70027K, committed 70272K, reserved 1112064K
  class space    used 6492K, capacity 7728K, committed 7808K, reserved 1048576K
}
Event: 74.768 GC heap before
{Heap before GC invocations=91 (full 7):
 PSYoungGen      total 22016K, used 21610K [0x00000000eab00000, 0x00000000ec680000, 0x0000000100000000)
  eden space 17920K, 100% used [0x00000000eab00000,0x00000000ebc80000,0x00000000ebc80000)
  from space 4096K, 90% used [0x00000000ec280000,0x00000000ec61a800,0x00000000ec680000)
  to   space 4096K, 0% used [0x00000000ebe80000,0x00000000ebe80000,0x00000000ec280000)
 ParOldGen       total 278016K, used 126633K [0x00000000c0000000, 0x00000000d0f80000, 0x00000000eab00000)
  object space 278016K, 45% used [0x00000000c0000000,0x00000000c7baa6c0,0x00000000d0f80000)
 Metaspace       used 66570K, capacity 70027K, committed 70272K, reserved 1112064K
  class space    used 6492K, capacity 7728K, committed 7808K, reserved 1048576K
}
Event: 74.792 GC heap after
{Heap after GC invocations=91 (full 7):
 PSYoungGen      total 22528K, used 4075K [0x00000000eab00000, 0x00000000ed100000, 0x0000000100000000)
  eden space 18432K, 0% used [0x00000000eab00000,0x00000000eab00000,0x00000000ebd00000)
  from space 4096K, 99% used [0x00000000ebe80000,0x00000000ec27adc8,0x00000000ec280000)
  to   space 10240K, 0% used [0x00000000ec700000,0x00000000ec700000,0x00000000ed100000)
 ParOldGen       total 278016K, used 131449K [0x00000000c0000000, 0x00000000d0f80000, 0x00000000eab00000)
  object space 278016K, 47% used [0x00000000c0000000,0x00000000c805e680,0x00000000d0f80000)
 Metaspace       used 66570K, capacity 70027K, committed 70272K, reserved 1112064K
  class space    used 6492K, capacity 7728K, committed 7808K, reserved 1048576K
}
Event: 75.065 GC heap before
{Heap before GC invocations=92 (full 7):
 PSYoungGen      total 22528K, used 22507K [0x00000000eab00000, 0x00000000ed100000, 0x0000000100000000)
  eden space 18432K, 100% used [0x00000000eab00000,0x00000000ebd00000,0x00000000ebd00000)
  from space 4096K, 99% used [0x00000000ebe80000,0x00000000ec27adc8,0x00000000ec280000)
  to   space 10240K, 0% used [0x00000000ec700000,0x00000000ec700000,0x00000000ed100000)
 ParOldGen       total 278016K, used 131449K [0x00000000c0000000, 0x00000000d0f80000, 0x00000000eab00000)
  object space 278016K, 47% used [0x00000000c0000000,0x00000000c805e680,0x00000000d0f80000)
 Metaspace       used 66570K, capacity 70027K, committed 70272K, reserved 1112064K
  class space    used 6492K, capacity 7728K, committed 7808K, reserved 1048576K
}
Event: 75.074 GC heap after
{Heap after GC invocations=92 (full 7):
 PSYoungGen      total 23040K, used 3129K [0x00000000eab00000, 0x00000000eca80000, 0x0000000100000000)
  eden space 19456K, 0% used [0x00000000eab00000,0x00000000eab00000,0x00000000ebe00000)
  from space 3584K, 87% used [0x00000000ec700000,0x00000000eca0e410,0x00000000eca80000)
  to   space 5632K, 0% used [0x00000000ebf80000,0x00000000ebf80000,0x00000000ec500000)
 ParOldGen       total 278016K, used 131449K [0x00000000c0000000, 0x00000000d0f80000, 0x00000000eab00000)
  object space 278016K, 47% used [0x00000000c0000000,0x00000000c805e680,0x00000000d0f80000)
 Metaspace       used 66570K, capacity 70027K, committed 70272K, reserved 1112064K
  class space    used 6492K, capacity 7728K, committed 7808K, reserved 1048576K
}
Event: 75.404 GC heap before
{Heap before GC invocations=93 (full 7):
 PSYoungGen      total 23040K, used 22585K [0x00000000eab00000, 0x00000000eca80000, 0x0000000100000000)
  eden space 19456K, 100% used [0x00000000eab00000,0x00000000ebe00000,0x00000000ebe00000)
  from space 3584K, 87% used [0x00000000ec700000,0x00000000eca0e410,0x00000000eca80000)
  to   space 5632K, 0% used [0x00000000ebf80000,0x00000000ebf80000,0x00000000ec500000)
 ParOldGen       total 278016K, used 131449K [0x00000000c0000000, 0x00000000d0f80000, 0x00000000eab00000)
  object space 278016K, 47% used [0x00000000c0000000,0x00000000c805e680,0x00000000d0f80000)
 Metaspace       used 66584K, capacity 70027K, committed 70272K, reserved 1112064K
  class space    used 6492K, capacity 7728K, committed 7808K, reserved 1048576K
}
Event: 75.412 GC heap after
{Heap after GC invocations=93 (full 7):
 PSYoungGen      total 26112K, used 5610K [0x00000000eab00000, 0x00000000ed000000, 0x0000000100000000)
  eden space 20480K, 0% used [0x00000000eab00000,0x00000000eab00000,0x00000000ebf00000)
  from space 5632K, 99% used [0x00000000ebf80000,0x00000000ec4fa8d8,0x00000000ec500000)
  to   space 8704K, 0% used [0x00000000ec780000,0x00000000ec780000,0x00000000ed000000)
 ParOldGen       total 278016K, used 133344K [0x00000000c0000000, 0x00000000d0f80000, 0x00000000eab00000)
  object space 278016K, 47% used [0x00000000c0000000,0x00000000c8238248,0x00000000d0f80000)
 Metaspace       used 66584K, capacity 70027K, committed 70272K, reserved 1112064K
  class space    used 6492K, capacity 7728K, committed 7808K, reserved 1048576K
}
Event: 76.094 GC heap before
{Heap before GC invocations=94 (full 7):
 PSYoungGen      total 26112K, used 26090K [0x00000000eab00000, 0x00000000ed000000, 0x0000000100000000)
  eden space 20480K, 100% used [0x00000000eab00000,0x00000000ebf00000,0x00000000ebf00000)
  from space 5632K, 99% used [0x00000000ebf80000,0x00000000ec4fa8d8,0x00000000ec500000)
  to   space 8704K, 0% used [0x00000000ec780000,0x00000000ec780000,0x00000000ed000000)
 ParOldGen       total 278016K, used 133344K [0x00000000c0000000, 0x00000000d0f80000, 0x00000000eab00000)
  object space 278016K, 47% used [0x00000000c0000000,0x00000000c8238248,0x00000000d0f80000)
 Metaspace       used 66730K, capacity 70170K, committed 70272K, reserved 1112064K
  class space    used 6506K, capacity 7733K, committed 7808K, reserved 1048576K
}
Event: 76.104 GC heap after
{Heap after GC invocations=94 (full 7):
 PSYoungGen      total 25600K, used 4236K [0x00000000eab00000, 0x00000000ecc00000, 0x0000000100000000)
  eden space 20992K, 0% used [0x00000000eab00000,0x00000000eab00000,0x00000000ebf80000)
  from space 4608K, 91% used [0x00000000ec780000,0x00000000ecba30f0,0x00000000ecc00000)
  to   space 5632K, 0% used [0x00000000ec100000,0x00000000ec100000,0x00000000ec680000)
 ParOldGen       total 278016K, used 133344K [0x00000000c0000000, 0x00000000d0f80000, 0x00000000eab00000)
  object space 278016K, 47% used [0x00000000c0000000,0x00000000c8238248,0x00000000d0f80000)
 Metaspace       used 66730K, capacity 70170K, committed 70272K, reserved 1112064K
  class space    used 6506K, capacity 7733K, committed 7808K, reserved 1048576K
}
Event: 77.297 GC heap before
{Heap before GC invocations=95 (full 7):
 PSYoungGen      total 25600K, used 25228K [0x00000000eab00000, 0x00000000ecc00000, 0x0000000100000000)
  eden space 20992K, 100% used [0x00000000eab00000,0x00000000ebf80000,0x00000000ebf80000)
  from space 4608K, 91% used [0x00000000ec780000,0x00000000ecba30f0,0x00000000ecc00000)
  to   space 5632K, 0% used [0x00000000ec100000,0x00000000ec100000,0x00000000ec680000)
 ParOldGen       total 278016K, used 133344K [0x00000000c0000000, 0x00000000d0f80000, 0x00000000eab00000)
  object space 278016K, 47% used [0x00000000c0000000,0x00000000c8238248,0x00000000d0f80000)
 Metaspace       used 66866K, capacity 70362K, committed 70528K, reserved 1112064K
  class space    used 6506K, capacity 7733K, committed 7808K, reserved 1048576K
}
Event: 77.304 GC heap after
{Heap after GC invocations=95 (full 7):
 PSYoungGen      total 26112K, used 4794K [0x00000000eab00000, 0x00000000ec980000, 0x0000000100000000)
  eden space 20992K, 0% used [0x00000000eab00000,0x00000000eab00000,0x00000000ebf80000)
  from space 5120K, 93% used [0x00000000ec100000,0x00000000ec5aebf0,0x00000000ec600000)
  to   space 3584K, 0% used [0x00000000ec600000,0x00000000ec600000,0x00000000ec980000)
 ParOldGen       total 278016K, used 133344K [0x00000000c0000000, 0x00000000d0f80000, 0x00000000eab00000)
  object space 278016K, 47% used [0x00000000c0000000,0x00000000c8238248,0x00000000d0f80000)
 Metaspace       used 66866K, capacity 70362K, committed 70528K, reserved 1112064K
  class space    used 6506K, capacity 7733K, committed 7808K, reserved 1048576K
}

