# JRE version: OpenJDK Runtime Environment Corretto-11.0.12.7.1 (11.0.12+7) (build 11.0.12+7-LTS)
# Java VM: OpenJDK 64-Bit Server VM Corretto-11.0.12.7.1 (11.0.12+7-LTS, mixed mode, tiered, compressed oops, parallel gc, windows-amd64)
Heap:
 PSYoungGen      total 18432K, used 13056K [0x00000000eab00000, 0x00000000ece80000, 0x0000000100000000)
  eden space 12800K, 58% used [0x00000000eab00000,0x00000000eb240618,0x00000000eb780000)
  from space 5632K, 99% used [0x00000000eb780000,0x00000000ebcffaa0,0x00000000ebd00000)
  to   space 11264K, 0% used [0x00000000ec380000,0x00000000ec380000,0x00000000ece80000)
 ParOldGen       total 111104K, used 96315K [0x00000000c0000000, 0x00000000c6c80000, 0x00000000eab00000)
  object space 111104K, 86% used [0x00000000c0000000,0x00000000c5e0edc0,0x00000000c6c80000)
 Metaspace       used 57570K, capacity 60616K, committed 60836K, reserved 1103872K
  class space    used 5739K, capacity 6849K, committed 6912K, reserved 1048576K
GC Heap History (20 events):
Event: 24.484 GC heap before
{Heap before GC invocations=33 (full 4):
 PSYoungGen      total 9728K, used 9445K [0x00000000eab00000, 0x00000000eb880000, 0x0000000100000000)
  eden space 8192K, 100% used [0x00000000eab00000,0x00000000eb300000,0x00000000eb300000)
  from space 1536K, 81% used [0x00000000eb700000,0x00000000eb8394e8,0x00000000eb880000)
  to   space 2048K, 0% used [0x00000000eb480000,0x00000000eb480000,0x00000000eb680000)
 ParOldGen       total 111104K, used 85950K [0x00000000c0000000, 0x00000000c6c80000, 0x00000000eab00000)
  object space 111104K, 77% used [0x00000000c0000000,0x00000000c53efb08,0x00000000c6c80000)
 Metaspace       used 53007K, capacity 55861K, committed 55972K, reserved 1099776K
  class space    used 5360K, capacity 6353K, committed 6400K, reserved 1048576K
}
Event: 24.493 GC heap after
{Heap after GC invocations=33 (full 4):
 PSYoungGen      total 10752K, used 1381K [0x00000000eab00000, 0x00000000eb780000, 0x0000000100000000)
  eden space 9216K, 0% used [0x00000000eab00000,0x00000000eab00000,0x00000000eb400000)
  from space 1536K, 89% used [0x00000000eb480000,0x00000000eb5d94e8,0x00000000eb600000)
  to   space 1536K, 0% used [0x00000000eb600000,0x00000000eb600000,0x00000000eb780000)
 ParOldGen       total 111104K, used 85950K [0x00000000c0000000, 0x00000000c6c80000, 0x00000000eab00000)
  object space 111104K, 77% used [0x00000000c0000000,0x00000000c53efb08,0x00000000c6c80000)
 Metaspace       used 53007K, capacity 55861K, committed 55972K, reserved 1099776K
  class space    used 5360K, capacity 6353K, committed 6400K, reserved 1048576K
}
Event: 24.569 GC heap before
{Heap before GC invocations=34 (full 4):
 PSYoungGen      total 10752K, used 10597K [0x00000000eab00000, 0x00000000eb780000, 0x0000000100000000)
  eden space 9216K, 100% used [0x00000000eab00000,0x00000000eb400000,0x00000000eb400000)
  from space 1536K, 89% used [0x00000000eb480000,0x00000000eb5d94e8,0x00000000eb600000)
  to   space 1536K, 0% used [0x00000000eb600000,0x00000000eb600000,0x00000000eb780000)
 ParOldGen       total 111104K, used 85950K [0x00000000c0000000, 0x00000000c6c80000, 0x00000000eab00000)
  object space 111104K, 77% used [0x00000000c0000000,0x00000000c53efb08,0x00000000c6c80000)
 Metaspace       used 53248K, capacity 56088K, committed 56228K, reserved 1099776K
  class space    used 5391K, capacity 6386K, committed 6400K, reserved 1048576K
}
Event: 24.576 GC heap after
{Heap after GC invocations=34 (full 4):
 PSYoungGen      total 11264K, used 1253K [0x00000000eab00000, 0x00000000eb800000, 0x0000000100000000)
  eden space 9728K, 0% used [0x00000000eab00000,0x00000000eab00000,0x00000000eb480000)
  from space 1536K, 81% used [0x00000000eb600000,0x00000000eb7394e8,0x00000000eb780000)
  to   space 1536K, 0% used [0x00000000eb480000,0x00000000eb480000,0x00000000eb600000)
 ParOldGen       total 111104K, used 85950K [0x00000000c0000000, 0x00000000c6c80000, 0x00000000eab00000)
  object space 111104K, 77% used [0x00000000c0000000,0x00000000c53efb08,0x00000000c6c80000)
 Metaspace       used 53248K, capacity 56088K, committed 56228K, reserved 1099776K
  class space    used 5391K, capacity 6386K, committed 6400K, reserved 1048576K
}
Event: 25.492 GC heap before
{Heap before GC invocations=35 (full 4):
 PSYoungGen      total 11264K, used 10981K [0x00000000eab00000, 0x00000000eb800000, 0x0000000100000000)
  eden space 9728K, 100% used [0x00000000eab00000,0x00000000eb480000,0x00000000eb480000)
  from space 1536K, 81% used [0x00000000eb600000,0x00000000eb7394e8,0x00000000eb780000)
  to   space 1536K, 0% used [0x00000000eb480000,0x00000000eb480000,0x00000000eb600000)
 ParOldGen       total 111104K, used 85950K [0x00000000c0000000, 0x00000000c6c80000, 0x00000000eab00000)
  object space 111104K, 77% used [0x00000000c0000000,0x00000000c53efb08,0x00000000c6c80000)
 Metaspace       used 54158K, capacity 57034K, committed 57124K, reserved 1099776K
  class space    used 5477K, capacity 6488K, committed 6528K, reserved 1048576K
}
Event: 25.534 GC heap after
{Heap after GC invocations=35 (full 4):
 PSYoungGen      total 11264K, used 1509K [0x00000000eab00000, 0x00000000ebb80000, 0x0000000100000000)
  eden space 9728K, 0% used [0x00000000eab00000,0x00000000eab00000,0x00000000eb480000)
  from space 1536K, 98% used [0x00000000eb480000,0x00000000eb5f94e8,0x00000000eb600000)
  to   space 3072K, 0% used [0x00000000eb880000,0x00000000eb880000,0x00000000ebb80000)
 ParOldGen       total 111104K, used 87090K [0x00000000c0000000, 0x00000000c6c80000, 0x00000000eab00000)
  object space 111104K, 78% used [0x00000000c0000000,0x00000000c550cb18,0x00000000c6c80000)
 Metaspace       used 54158K, capacity 57034K, committed 57124K, reserved 1099776K
  class space    used 5477K, capacity 6488K, committed 6528K, reserved 1048576K
}
Event: 25.859 GC heap before
{Heap before GC invocations=36 (full 4):
 PSYoungGen      total 11264K, used 11225K [0x00000000eab00000, 0x00000000ebb80000, 0x0000000100000000)
  eden space 9728K, 99% used [0x00000000eab00000,0x00000000eb47d220,0x00000000eb480000)
  from space 1536K, 98% used [0x00000000eb480000,0x00000000eb5f94e8,0x00000000eb600000)
  to   space 3072K, 0% used [0x00000000eb880000,0x00000000eb880000,0x00000000ebb80000)
 ParOldGen       total 111104K, used 87090K [0x00000000c0000000, 0x00000000c6c80000, 0x00000000eab00000)
  object space 111104K, 78% used [0x00000000c0000000,0x00000000c550cb18,0x00000000c6c80000)
 Metaspace       used 54235K, capacity 57105K, committed 57380K, reserved 1099776K
  class space    used 5478K, capacity 6490K, committed 6528K, reserved 1048576K
}
Event: 25.865 GC heap after
{Heap after GC invocations=36 (full 4):
 PSYoungGen      total 12800K, used 1893K [0x00000000eab00000, 0x00000000eba80000, 0x0000000100000000)
  eden space 10752K, 0% used [0x00000000eab00000,0x00000000eab00000,0x00000000eb580000)
  from space 2048K, 92% used [0x00000000eb880000,0x00000000eba594e8,0x00000000eba80000)
  to   space 2560K, 0% used [0x00000000eb580000,0x00000000eb580000,0x00000000eb800000)
 ParOldGen       total 111104K, used 87202K [0x00000000c0000000, 0x00000000c6c80000, 0x00000000eab00000)
  object space 111104K, 78% used [0x00000000c0000000,0x00000000c5528b18,0x00000000c6c80000)
 Metaspace       used 54235K, capacity 57105K, committed 57380K, reserved 1099776K
  class space    used 5478K, capacity 6490K, committed 6528K, reserved 1048576K
}
Event: 26.115 GC heap before
{Heap before GC invocations=37 (full 4):
 PSYoungGen      total 12800K, used 12632K [0x00000000eab00000, 0x00000000eba80000, 0x0000000100000000)
  eden space 10752K, 99% used [0x00000000eab00000,0x00000000eb57cce8,0x00000000eb580000)
  from space 2048K, 92% used [0x00000000eb880000,0x00000000eba594e8,0x00000000eba80000)
  to   space 2560K, 0% used [0x00000000eb580000,0x00000000eb580000,0x00000000eb800000)
 ParOldGen       total 111104K, used 87202K [0x00000000c0000000, 0x00000000c6c80000, 0x00000000eab00000)
  object space 111104K, 78% used [0x00000000c0000000,0x00000000c5528b18,0x00000000c6c80000)
 Metaspace       used 54273K, capacity 57169K, committed 57380K, reserved 1099776K
  class space    used 5478K, capacity 6490K, committed 6528K, reserved 1048576K
}
Event: 26.127 GC heap after
{Heap after GC invocations=37 (full 4):
 PSYoungGen      total 13312K, used 2533K [0x00000000eab00000, 0x00000000ebc80000, 0x0000000100000000)
  eden space 10752K, 0% used [0x00000000eab00000,0x00000000eab00000,0x00000000eb580000)
  from space 2560K, 98% used [0x00000000eb580000,0x00000000eb7f94e8,0x00000000eb800000)
  to   space 3072K, 0% used [0x00000000eb980000,0x00000000eb980000,0x00000000ebc80000)
 ParOldGen       total 111104K, used 87266K [0x00000000c0000000, 0x00000000c6c80000, 0x00000000eab00000)
  object space 111104K, 78% used [0x00000000c0000000,0x00000000c5538b18,0x00000000c6c80000)
 Metaspace       used 54273K, capacity 57169K, committed 57380K, reserved 1099776K
  class space    used 5478K, capacity 6490K, committed 6528K, reserved 1048576K
}
Event: 26.301 GC heap before
{Heap before GC invocations=38 (full 4):
 PSYoungGen      total 13312K, used 13285K [0x00000000eab00000, 0x00000000ebc80000, 0x0000000100000000)
  eden space 10752K, 99% used [0x00000000eab00000,0x00000000eb57fff8,0x00000000eb580000)
  from space 2560K, 98% used [0x00000000eb580000,0x00000000eb7f94e8,0x00000000eb800000)
  to   space 3072K, 0% used [0x00000000eb980000,0x00000000eb980000,0x00000000ebc80000)
 ParOldGen       total 111104K, used 87266K [0x00000000c0000000, 0x00000000c6c80000, 0x00000000eab00000)
  object space 111104K, 78% used [0x00000000c0000000,0x00000000c5538b18,0x00000000c6c80000)
 Metaspace       used 54311K, capacity 57184K, committed 57380K, reserved 1099776K
  class space    used 5483K, capacity 6495K, committed 6528K, reserved 1048576K
}
Event: 26.320 GC heap after
{Heap after GC invocations=38 (full 4):
 PSYoungGen      total 14336K, used 2265K [0x00000000eab00000, 0x00000000ebc00000, 0x0000000100000000)
  eden space 11776K, 0% used [0x00000000eab00000,0x00000000eab00000,0x00000000eb680000)
  from space 2560K, 88% used [0x00000000eb980000,0x00000000ebbb6410,0x00000000ebc00000)
  to   space 2560K, 0% used [0x00000000eb700000,0x00000000eb700000,0x00000000eb980000)
 ParOldGen       total 111104K, used 88318K [0x00000000c0000000, 0x00000000c6c80000, 0x00000000eab00000)
  object space 111104K, 79% used [0x00000000c0000000,0x00000000c563fa28,0x00000000c6c80000)
 Metaspace       used 54311K, capacity 57184K, committed 57380K, reserved 1099776K
  class space    used 5483K, capacity 6495K, committed 6528K, reserved 1048576K
}
Event: 26.378 GC heap before
{Heap before GC invocations=39 (full 4):
 PSYoungGen      total 14336K, used 14041K [0x00000000eab00000, 0x00000000ebc00000, 0x0000000100000000)
  eden space 11776K, 100% used [0x00000000eab00000,0x00000000eb680000,0x00000000eb680000)
  from space 2560K, 88% used [0x00000000eb980000,0x00000000ebbb6410,0x00000000ebc00000)
  to   space 2560K, 0% used [0x00000000eb700000,0x00000000eb700000,0x00000000eb980000)
 ParOldGen       total 111104K, used 88318K [0x00000000c0000000, 0x00000000c6c80000, 0x00000000eab00000)
  object space 111104K, 79% used [0x00000000c0000000,0x00000000c563fa28,0x00000000c6c80000)
 Metaspace       used 54318K, capacity 57184K, committed 57380K, reserved 1099776K
  class space    used 5483K, capacity 6495K, committed 6528K, reserved 1048576K
}
Event: 26.410 GC heap after
{Heap after GC invocations=39 (full 4):
 PSYoungGen      total 14848K, used 2542K [0x00000000eab00000, 0x00000000ebe00000, 0x0000000100000000)
  eden space 12288K, 0% used [0x00000000eab00000,0x00000000eab00000,0x00000000eb700000)
  from space 2560K, 99% used [0x00000000eb700000,0x00000000eb97bb00,0x00000000eb980000)
  to   space 3072K, 0% used [0x00000000ebb00000,0x00000000ebb00000,0x00000000ebe00000)
 ParOldGen       total 111104K, used 88726K [0x00000000c0000000, 0x00000000c6c80000, 0x00000000eab00000)
  object space 111104K, 79% used [0x00000000c0000000,0x00000000c56a5a48,0x00000000c6c80000)
 Metaspace       used 54318K, capacity 57184K, committed 57380K, reserved 1099776K
  class space    used 5483K, capacity 6495K, committed 6528K, reserved 1048576K
}
Event: 26.683 GC heap before
{Heap before GC invocations=40 (full 4):
 PSYoungGen      total 14848K, used 14828K [0x00000000eab00000, 0x00000000ebe00000, 0x0000000100000000)
  eden space 12288K, 99% used [0x00000000eab00000,0x00000000eb6ff5e8,0x00000000eb700000)
  from space 2560K, 99% used [0x00000000eb700000,0x00000000eb97bb00,0x00000000eb980000)
  to   space 3072K, 0% used [0x00000000ebb00000,0x00000000ebb00000,0x00000000ebe00000)
 ParOldGen       total 111104K, used 88726K [0x00000000c0000000, 0x00000000c6c80000, 0x00000000eab00000)
  object space 111104K, 79% used [0x00000000c0000000,0x00000000c56a5a48,0x00000000c6c80000)
 Metaspace       used 54891K, capacity 57746K, committed 58020K, reserved 1101824K
  class space    used 5525K, capacity 6533K, committed 6656K, reserved 1048576K
}
Event: 26.697 GC heap after
{Heap after GC invocations=40 (full 4):
 PSYoungGen      total 15360K, used 3049K [0x00000000eab00000, 0x00000000ec080000, 0x0000000100000000)
  eden space 12288K, 0% used [0x00000000eab00000,0x00000000eab00000,0x00000000eb700000)
  from space 3072K, 99% used [0x00000000ebb00000,0x00000000ebdfa400,0x00000000ebe00000)
  to   space 4096K, 0% used [0x00000000eb700000,0x00000000eb700000,0x00000000ebb00000)
 ParOldGen       total 111104K, used 89338K [0x00000000c0000000, 0x00000000c6c80000, 0x00000000eab00000)
  object space 111104K, 80% used [0x00000000c0000000,0x00000000c573eb68,0x00000000c6c80000)
 Metaspace       used 54891K, capacity 57746K, committed 58020K, reserved 1101824K
  class space    used 5525K, capacity 6533K, committed 6656K, reserved 1048576K
}
Event: 26.986 GC heap before
{Heap before GC invocations=41 (full 4):
 PSYoungGen      total 15360K, used 15337K [0x00000000eab00000, 0x00000000ec080000, 0x0000000100000000)
  eden space 12288K, 100% used [0x00000000eab00000,0x00000000eb700000,0x00000000eb700000)
  from space 3072K, 99% used [0x00000000ebb00000,0x00000000ebdfa400,0x00000000ebe00000)
  to   space 4096K, 0% used [0x00000000eb700000,0x00000000eb700000,0x00000000ebb00000)
 ParOldGen       total 111104K, used 89338K [0x00000000c0000000, 0x00000000c6c80000, 0x00000000eab00000)
  object space 111104K, 80% used [0x00000000c0000000,0x00000000c573eb68,0x00000000c6c80000)
 Metaspace       used 54948K, capacity 57811K, committed 58020K, reserved 1101824K
  class space    used 5526K, capacity 6533K, committed 6656K, reserved 1048576K
}
Event: 26.995 GC heap after
{Heap after GC invocations=41 (full 4):
 PSYoungGen      total 16384K, used 3945K [0x00000000eab00000, 0x00000000ec000000, 0x0000000100000000)
  eden space 12288K, 0% used [0x00000000eab00000,0x00000000eab00000,0x00000000eb700000)
  from space 4096K, 96% used [0x00000000eb700000,0x00000000ebada400,0x00000000ebb00000)
  to   space 4096K, 0% used [0x00000000ebc00000,0x00000000ebc00000,0x00000000ec000000)
 ParOldGen       total 111104K, used 89934K [0x00000000c0000000, 0x00000000c6c80000, 0x00000000eab00000)
  object space 111104K, 80% used [0x00000000c0000000,0x00000000c57d3b78,0x00000000c6c80000)
 Metaspace       used 54948K, capacity 57811K, committed 58020K, reserved 1101824K
  class space    used 5526K, capacity 6533K, committed 6656K, reserved 1048576K
}
Event: 27.195 GC heap before
{Heap before GC invocations=42 (full 4):
 PSYoungGen      total 16384K, used 16233K [0x00000000eab00000, 0x00000000ec000000, 0x0000000100000000)
  eden space 12288K, 100% used [0x00000000eab00000,0x00000000eb700000,0x00000000eb700000)
  from space 4096K, 96% used [0x00000000eb700000,0x00000000ebada400,0x00000000ebb00000)
  to   space 4096K, 0% used [0x00000000ebc00000,0x00000000ebc00000,0x00000000ec000000)
 ParOldGen       total 111104K, used 89934K [0x00000000c0000000, 0x00000000c6c80000, 0x00000000eab00000)
  object space 111104K, 80% used [0x00000000c0000000,0x00000000c57d3b78,0x00000000c6c80000)
 Metaspace       used 55150K, capacity 58003K, committed 58276K, reserved 1101824K
  class space    used 5542K, capacity 6533K, committed 6656K, reserved 1048576K
}
Event: 27.207 GC heap after
{Heap after GC invocations=42 (full 4):
 PSYoungGen      total 16384K, used 4089K [0x00000000eab00000, 0x00000000ec200000, 0x0000000100000000)
  eden space 12288K, 0% used [0x00000000eab00000,0x00000000eab00000,0x00000000eb700000)
  from space 4096K, 99% used [0x00000000ebc00000,0x00000000ebffe410,0x00000000ec000000)
  to   space 5120K, 0% used [0x00000000eb700000,0x00000000eb700000,0x00000000ebc00000)
 ParOldGen       total 111104K, used 90763K [0x00000000c0000000, 0x00000000c6c80000, 0x00000000eab00000)
  object space 111104K, 81% used [0x00000000c0000000,0x00000000c58a2c90,0x00000000c6c80000)
 Metaspace       used 55150K, capacity 58003K, committed 58276K, reserved 1101824K
  class space    used 5542K, capacity 6533K, committed 6656K, reserved 1048576K
}

