# JRE version: OpenJDK Runtime Environment Corretto-11.0.12.7.1 (11.0.12+7) (build 11.0.12+7-LTS)
# Java VM: OpenJDK 64-Bit Server VM Corretto-11.0.12.7.1 (11.0.12+7-LTS, mixed mode, tiered, compressed oops, parallel gc, windows-amd64)
Heap:
 PSYoungGen      total 8192K, used 895K [0x00000000eab00000, 0x00000000eb480000, 0x0000000100000000)
  eden space 7168K, 12% used [0x00000000eab00000,0x00000000eabdffe0,0x00000000eb200000)
  from space 1024K, 0% used [0x00000000eb280000,0x00000000eb280000,0x00000000eb380000)
  to   space 512K, 0% used [0x00000000eb400000,0x00000000eb400000,0x00000000eb480000)
 ParOldGen       total 170496K, used 89002K [0x00000000c0000000, 0x00000000ca680000, 0x00000000eab00000)
  object space 170496K, 52% used [0x00000000c0000000,0x00000000c56eab18,0x00000000ca680000)
 Metaspace       used 64688K, capacity 68022K, committed 68184K, reserved 1110016K
  class space    used 6455K, capacity 7686K, committed 7808K, reserved 1048576K
GC Heap History (20 events):
Event: 63.806 GC heap after
{Heap after GC invocations=96 (full 6):
 PSYoungGen      total 5120K, used 986K [0x00000000eab00000, 0x00000000eb300000, 0x0000000100000000)
  eden space 4096K, 0% used [0x00000000eab00000,0x00000000eab00000,0x00000000eaf00000)
  from space 1024K, 96% used [0x00000000eb200000,0x00000000eb2f6900,0x00000000eb300000)
  to   space 2048K, 0% used [0x00000000eaf00000,0x00000000eaf00000,0x00000000eb100000)
 ParOldGen       total 170496K, used 129701K [0x00000000c0000000, 0x00000000ca680000, 0x00000000eab00000)
  object space 170496K, 76% used [0x00000000c0000000,0x00000000c7ea95a8,0x00000000ca680000)
 Metaspace       used 63556K, capacity 66802K, committed 67032K, reserved 1107968K
  class space    used 6365K, capacity 7579K, committed 7680K, reserved 1048576K
}
Event: 65.312 GC heap before
{Heap before GC invocations=97 (full 6):
 PSYoungGen      total 5120K, used 5082K [0x00000000eab00000, 0x00000000eb300000, 0x0000000100000000)
  eden space 4096K, 100% used [0x00000000eab00000,0x00000000eaf00000,0x00000000eaf00000)
  from space 1024K, 96% used [0x00000000eb200000,0x00000000eb2f6900,0x00000000eb300000)
  to   space 2048K, 0% used [0x00000000eaf00000,0x00000000eaf00000,0x00000000eb100000)
 ParOldGen       total 170496K, used 129701K [0x00000000c0000000, 0x00000000ca680000, 0x00000000eab00000)
  object space 170496K, 76% used [0x00000000c0000000,0x00000000c7ea95a8,0x00000000ca680000)
 Metaspace       used 63614K, capacity 66875K, committed 67032K, reserved 1107968K
  class space    used 6366K, capacity 7581K, committed 7680K, reserved 1048576K
}
Event: 65.317 GC heap after
{Heap after GC invocations=97 (full 6):
 PSYoungGen      total 6144K, used 1540K [0x00000000eab00000, 0x00000000eb400000, 0x0000000100000000)
  eden space 4096K, 0% used [0x00000000eab00000,0x00000000eab00000,0x00000000eaf00000)
  from space 2048K, 75% used [0x00000000eaf00000,0x00000000eb081210,0x00000000eb100000)
  to   space 2048K, 0% used [0x00000000eb200000,0x00000000eb200000,0x00000000eb400000)
 ParOldGen       total 170496K, used 130633K [0x00000000c0000000, 0x00000000ca680000, 0x00000000eab00000)
  object space 170496K, 76% used [0x00000000c0000000,0x00000000c7f927c8,0x00000000ca680000)
 Metaspace       used 63614K, capacity 66875K, committed 67032K, reserved 1107968K
  class space    used 6366K, capacity 7581K, committed 7680K, reserved 1048576K
}
Event: 65.487 GC heap before
{Heap before GC invocations=98 (full 6):
 PSYoungGen      total 6144K, used 5636K [0x00000000eab00000, 0x00000000eb400000, 0x0000000100000000)
  eden space 4096K, 100% used [0x00000000eab00000,0x00000000eaf00000,0x00000000eaf00000)
  from space 2048K, 75% used [0x00000000eaf00000,0x00000000eb081210,0x00000000eb100000)
  to   space 2048K, 0% used [0x00000000eb200000,0x00000000eb200000,0x00000000eb400000)
 ParOldGen       total 170496K, used 130633K [0x00000000c0000000, 0x00000000ca680000, 0x00000000eab00000)
  object space 170496K, 76% used [0x00000000c0000000,0x00000000c7f927c8,0x00000000ca680000)
 Metaspace       used 63646K, capacity 66875K, committed 67032K, reserved 1107968K
  class space    used 6366K, capacity 7581K, committed 7680K, reserved 1048576K
}
Event: 65.501 GC heap after
{Heap after GC invocations=98 (full 6):
 PSYoungGen      total 7168K, used 1622K [0x00000000eab00000, 0x00000000eb400000, 0x0000000100000000)
  eden space 5120K, 0% used [0x00000000eab00000,0x00000000eab00000,0x00000000eb000000)
  from space 2048K, 79% used [0x00000000eb200000,0x00000000eb3958f0,0x00000000eb400000)
  to   space 2048K, 0% used [0x00000000eb000000,0x00000000eb000000,0x00000000eb200000)
 ParOldGen       total 170496K, used 131690K [0x00000000c0000000, 0x00000000ca680000, 0x00000000eab00000)
  object space 170496K, 77% used [0x00000000c0000000,0x00000000c809a9f8,0x00000000ca680000)
 Metaspace       used 63646K, capacity 66875K, committed 67032K, reserved 1107968K
  class space    used 6366K, capacity 7581K, committed 7680K, reserved 1048576K
}
Event: 65.553 GC heap before
{Heap before GC invocations=99 (full 6):
 PSYoungGen      total 7168K, used 6742K [0x00000000eab00000, 0x00000000eb400000, 0x0000000100000000)
  eden space 5120K, 100% used [0x00000000eab00000,0x00000000eb000000,0x00000000eb000000)
  from space 2048K, 79% used [0x00000000eb200000,0x00000000eb3958f0,0x00000000eb400000)
  to   space 2048K, 0% used [0x00000000eb000000,0x00000000eb000000,0x00000000eb200000)
 ParOldGen       total 170496K, used 131690K [0x00000000c0000000, 0x00000000ca680000, 0x00000000eab00000)
  object space 170496K, 77% used [0x00000000c0000000,0x00000000c809a9f8,0x00000000ca680000)
 Metaspace       used 63646K, capacity 66875K, committed 67032K, reserved 1107968K
  class space    used 6366K, capacity 7581K, committed 7680K, reserved 1048576K
}
Event: 65.559 GC heap after
{Heap after GC invocations=99 (full 6):
 PSYoungGen      total 7168K, used 2048K [0x00000000eab00000, 0x00000000ebf80000, 0x0000000100000000)
  eden space 5120K, 0% used [0x00000000eab00000,0x00000000eab00000,0x00000000eb000000)
  from space 2048K, 100% used [0x00000000eb000000,0x00000000eb200000,0x00000000eb200000)
  to   space 7680K, 0% used [0x00000000eb800000,0x00000000eb800000,0x00000000ebf80000)
 ParOldGen       total 170496K, used 136172K [0x00000000c0000000, 0x00000000ca680000, 0x00000000eab00000)
  object space 170496K, 79% used [0x00000000c0000000,0x00000000c84fb308,0x00000000ca680000)
 Metaspace       used 63646K, capacity 66875K, committed 67032K, reserved 1107968K
  class space    used 6366K, capacity 7581K, committed 7680K, reserved 1048576K
}
Event: 65.607 GC heap before
{Heap before GC invocations=100 (full 6):
 PSYoungGen      total 7168K, used 7167K [0x00000000eab00000, 0x00000000ebf80000, 0x0000000100000000)
  eden space 5120K, 99% used [0x00000000eab00000,0x00000000eafffff8,0x00000000eb000000)
  from space 2048K, 100% used [0x00000000eb000000,0x00000000eb200000,0x00000000eb200000)
  to   space 7680K, 0% used [0x00000000eb800000,0x00000000eb800000,0x00000000ebf80000)
 ParOldGen       total 170496K, used 136172K [0x00000000c0000000, 0x00000000ca680000, 0x00000000eab00000)
  object space 170496K, 79% used [0x00000000c0000000,0x00000000c84fb308,0x00000000ca680000)
 Metaspace       used 63656K, capacity 66875K, committed 67032K, reserved 1107968K
  class space    used 6366K, capacity 7581K, committed 7680K, reserved 1048576K
}
Event: 65.615 GC heap after
{Heap after GC invocations=100 (full 6):
 PSYoungGen      total 8704K, used 2772K [0x00000000eab00000, 0x00000000ebb00000, 0x0000000100000000)
  eden space 5632K, 0% used [0x00000000eab00000,0x00000000eab00000,0x00000000eb080000)
  from space 3072K, 90% used [0x00000000eb800000,0x00000000ebab5200,0x00000000ebb00000)
  to   space 4608K, 0% used [0x00000000eb200000,0x00000000eb200000,0x00000000eb680000)
 ParOldGen       total 170496K, used 138252K [0x00000000c0000000, 0x00000000ca680000, 0x00000000eab00000)
  object space 170496K, 81% used [0x00000000c0000000,0x00000000c8703308,0x00000000ca680000)
 Metaspace       used 63656K, capacity 66875K, committed 67032K, reserved 1107968K
  class space    used 6366K, capacity 7581K, committed 7680K, reserved 1048576K
}
Event: 65.680 GC heap before
{Heap before GC invocations=101 (full 6):
 PSYoungGen      total 8704K, used 8404K [0x00000000eab00000, 0x00000000ebb00000, 0x0000000100000000)
  eden space 5632K, 100% used [0x00000000eab00000,0x00000000eb080000,0x00000000eb080000)
  from space 3072K, 90% used [0x00000000eb800000,0x00000000ebab5200,0x00000000ebb00000)
  to   space 4608K, 0% used [0x00000000eb200000,0x00000000eb200000,0x00000000eb680000)
 ParOldGen       total 170496K, used 138252K [0x00000000c0000000, 0x00000000ca680000, 0x00000000eab00000)
  object space 170496K, 81% used [0x00000000c0000000,0x00000000c8703308,0x00000000ca680000)
 Metaspace       used 63683K, capacity 66939K, committed 67288K, reserved 1110016K
  class space    used 6366K, capacity 7581K, committed 7680K, reserved 1048576K
}
Event: 65.691 GC heap after
{Heap after GC invocations=101 (full 6):
 PSYoungGen      total 10240K, used 3494K [0x00000000eab00000, 0x00000000eb980000, 0x0000000100000000)
  eden space 6656K, 0% used [0x00000000eab00000,0x00000000eab00000,0x00000000eb180000)
  from space 3584K, 97% used [0x00000000eb200000,0x00000000eb569ba0,0x00000000eb580000)
  to   space 4096K, 0% used [0x00000000eb580000,0x00000000eb580000,0x00000000eb980000)
 ParOldGen       total 170496K, used 140965K [0x00000000c0000000, 0x00000000ca680000, 0x00000000eab00000)
  object space 170496K, 82% used [0x00000000c0000000,0x00000000c89a9728,0x00000000ca680000)
 Metaspace       used 63683K, capacity 66939K, committed 67288K, reserved 1110016K
  class space    used 6366K, capacity 7581K, committed 7680K, reserved 1048576K
}
Event: 65.762 GC heap before
{Heap before GC invocations=102 (full 6):
 PSYoungGen      total 10240K, used 10150K [0x00000000eab00000, 0x00000000eb980000, 0x0000000100000000)
  eden space 6656K, 100% used [0x00000000eab00000,0x00000000eb180000,0x00000000eb180000)
  from space 3584K, 97% used [0x00000000eb200000,0x00000000eb569ba0,0x00000000eb580000)
  to   space 4096K, 0% used [0x00000000eb580000,0x00000000eb580000,0x00000000eb980000)
 ParOldGen       total 170496K, used 140965K [0x00000000c0000000, 0x00000000ca680000, 0x00000000eab00000)
  object space 170496K, 82% used [0x00000000c0000000,0x00000000c89a9728,0x00000000ca680000)
 Metaspace       used 63684K, capacity 66939K, committed 67288K, reserved 1110016K
  class space    used 6366K, capacity 7581K, committed 7680K, reserved 1048576K
}
Event: 65.775 GC heap after
{Heap after GC invocations=102 (full 6):
 PSYoungGen      total 10240K, used 4086K [0x00000000eab00000, 0x00000000ebb80000, 0x0000000100000000)
  eden space 6144K, 0% used [0x00000000eab00000,0x00000000eab00000,0x00000000eb100000)
  from space 4096K, 99% used [0x00000000eb580000,0x00000000eb97da40,0x00000000eb980000)
  to   space 4608K, 0% used [0x00000000eb100000,0x00000000eb100000,0x00000000eb580000)
 ParOldGen       total 170496K, used 142655K [0x00000000c0000000, 0x00000000ca680000, 0x00000000eab00000)
  object space 170496K, 83% used [0x00000000c0000000,0x00000000c8b4fdc8,0x00000000ca680000)
 Metaspace       used 63684K, capacity 66939K, committed 67288K, reserved 1110016K
  class space    used 6366K, capacity 7581K, committed 7680K, reserved 1048576K
}
Event: 74.808 GC heap before
{Heap before GC invocations=103 (full 6):
 PSYoungGen      total 10240K, used 10230K [0x00000000eab00000, 0x00000000ebb80000, 0x0000000100000000)
  eden space 6144K, 100% used [0x00000000eab00000,0x00000000eb100000,0x00000000eb100000)
  from space 4096K, 99% used [0x00000000eb580000,0x00000000eb97da40,0x00000000eb980000)
  to   space 4608K, 0% used [0x00000000eb100000,0x00000000eb100000,0x00000000eb580000)
 ParOldGen       total 170496K, used 142655K [0x00000000c0000000, 0x00000000ca680000, 0x00000000eab00000)
  object space 170496K, 83% used [0x00000000c0000000,0x00000000c8b4fdc8,0x00000000ca680000)
 Metaspace       used 63716K, capacity 66942K, committed 67288K, reserved 1110016K
  class space    used 6369K, capacity 7582K, committed 7680K, reserved 1048576K
}
Event: 74.813 GC heap after
{Heap after GC invocations=103 (full 6):
 PSYoungGen      total 7168K, used 564K [0x00000000eab00000, 0x00000000eb600000, 0x0000000100000000)
  eden space 6144K, 0% used [0x00000000eab00000,0x00000000eab00000,0x00000000eb100000)
  from space 1024K, 55% used [0x00000000eb100000,0x00000000eb18d200,0x00000000eb200000)
  to   space 2048K, 0% used [0x00000000eb400000,0x00000000eb400000,0x00000000eb600000)
 ParOldGen       total 170496K, used 145879K [0x00000000c0000000, 0x00000000ca680000, 0x00000000eab00000)
  object space 170496K, 85% used [0x00000000c0000000,0x00000000c8e75c98,0x00000000ca680000)
 Metaspace       used 63716K, capacity 66942K, committed 67288K, reserved 1110016K
  class space    used 6369K, capacity 7582K, committed 7680K, reserved 1048576K
}
Event: 144.243 GC heap before
{Heap before GC invocations=104 (full 6):
 PSYoungGen      total 7168K, used 6697K [0x00000000eab00000, 0x00000000eb600000, 0x0000000100000000)
  eden space 6144K, 99% used [0x00000000eab00000,0x00000000eb0fd560,0x00000000eb100000)
  from space 1024K, 55% used [0x00000000eb100000,0x00000000eb18d200,0x00000000eb200000)
  to   space 2048K, 0% used [0x00000000eb400000,0x00000000eb400000,0x00000000eb600000)
 ParOldGen       total 170496K, used 145879K [0x00000000c0000000, 0x00000000ca680000, 0x00000000eab00000)
  object space 170496K, 85% used [0x00000000c0000000,0x00000000c8e75c98,0x00000000ca680000)
 Metaspace       used 64301K, capacity 67594K, committed 67800K, reserved 1110016K
  class space    used 6426K, capacity 7650K, committed 7680K, reserved 1048576K
}
Event: 144.249 GC heap after
{Heap after GC invocations=104 (full 6):
 PSYoungGen      total 7680K, used 192K [0x00000000eab00000, 0x00000000eb480000, 0x0000000100000000)
  eden space 7168K, 0% used [0x00000000eab00000,0x00000000eab00000,0x00000000eb200000)
  from space 512K, 37% used [0x00000000eb400000,0x00000000eb430000,0x00000000eb480000)
  to   space 1024K, 0% used [0x00000000eb280000,0x00000000eb280000,0x00000000eb380000)
 ParOldGen       total 170496K, used 145887K [0x00000000c0000000, 0x00000000ca680000, 0x00000000eab00000)
  object space 170496K, 85% used [0x00000000c0000000,0x00000000c8e77c98,0x00000000ca680000)
 Metaspace       used 64301K, capacity 67594K, committed 67800K, reserved 1110016K
  class space    used 6426K, capacity 7650K, committed 7680K, reserved 1048576K
}
Event: 144.401 GC heap before
{Heap before GC invocations=105 (full 6):
 PSYoungGen      total 7680K, used 4215K [0x00000000eab00000, 0x00000000eb480000, 0x0000000100000000)
  eden space 7168K, 56% used [0x00000000eab00000,0x00000000eaeede20,0x00000000eb200000)
  from space 512K, 37% used [0x00000000eb400000,0x00000000eb430000,0x00000000eb480000)
  to   space 1024K, 0% used [0x00000000eb280000,0x00000000eb280000,0x00000000eb380000)
 ParOldGen       total 170496K, used 145887K [0x00000000c0000000, 0x00000000ca680000, 0x00000000eab00000)
  object space 170496K, 85% used [0x00000000c0000000,0x00000000c8e77c98,0x00000000ca680000)
 Metaspace       used 64673K, capacity 67990K, committed 68056K, reserved 1110016K
  class space    used 6453K, capacity 7654K, committed 7680K, reserved 1048576K
}
Event: 144.406 GC heap after
{Heap after GC invocations=105 (full 6):
 PSYoungGen      total 8192K, used 1016K [0x00000000eab00000, 0x00000000eb480000, 0x0000000100000000)
  eden space 7168K, 0% used [0x00000000eab00000,0x00000000eab00000,0x00000000eb200000)
  from space 1024K, 99% used [0x00000000eb280000,0x00000000eb37e298,0x00000000eb380000)
  to   space 512K, 0% used [0x00000000eb400000,0x00000000eb400000,0x00000000eb480000)
 ParOldGen       total 170496K, used 147515K [0x00000000c0000000, 0x00000000ca680000, 0x00000000eab00000)
  object space 170496K, 86% used [0x00000000c0000000,0x00000000c900eeb8,0x00000000ca680000)
 Metaspace       used 64673K, capacity 67990K, committed 68056K, reserved 1110016K
  class space    used 6453K, capacity 7654K, committed 7680K, reserved 1048576K
}
Event: 144.406 GC heap before
{Heap before GC invocations=106 (full 7):
 PSYoungGen      total 8192K, used 1016K [0x00000000eab00000, 0x00000000eb480000, 0x0000000100000000)
  eden space 7168K, 0% used [0x00000000eab00000,0x00000000eab00000,0x00000000eb200000)
  from space 1024K, 99% used [0x00000000eb280000,0x00000000eb37e298,0x00000000eb380000)
  to   space 512K, 0% used [0x00000000eb400000,0x00000000eb400000,0x00000000eb480000)
 ParOldGen       total 170496K, used 147515K [0x00000000c0000000, 0x00000000ca680000, 0x00000000eab00000)
  object space 170496K, 86% used [0x00000000c0000000,0x00000000c900eeb8,0x00000000ca680000)
 Metaspace       used 64673K, capacity 67990K, committed 68056K, reserved 1110016K
  class space    used 6453K, capacity 7654K, committed 7680K, reserved 1048576K
}

