# JRE version: OpenJDK Runtime Environment Corretto-11.0.12.7.1 (11.0.12+7) (build 11.0.12+7-LTS)
# Java VM: OpenJDK 64-Bit Server VM Corretto-11.0.12.7.1 (11.0.12+7-LTS, mixed mode, tiered, compressed oops, parallel gc, windows-amd64)
Heap:
 PSYoungGen      total 24064K, used 18840K [0x00000000eab00000, 0x00000000ec780000, 0x0000000100000000)
  eden space 22016K, 77% used [0x00000000eab00000,0x00000000ebba6388,0x00000000ec080000)
  from space 2048K, 87% used [0x00000000ec580000,0x00000000ec740000,0x00000000ec780000)
  to   space 3584K, 0% used [0x00000000ec080000,0x00000000ec080000,0x00000000ec400000)
 ParOldGen       total 124416K, used 73427K [0x00000000c0000000, 0x00000000c7980000, 0x00000000eab00000)
  object space 124416K, 59% used [0x00000000c0000000,0x00000000c47b4f88,0x00000000c7980000)
 Metaspace       used 50687K, capacity 53450K, committed 53632K, reserved 1097728K
  class space    used 5213K, capacity 6210K, committed 6272K, reserved 1048576K
GC Heap History (20 events):
Event: 42.102 GC heap before
{Heap before GC invocations=17 (full 2):
 PSYoungGen      total 23040K, used 22935K [0x00000000eab00000, 0x00000000ec600000, 0x0000000100000000)
  eden space 19968K, 99% used [0x00000000eab00000,0x00000000ebe7bef8,0x00000000ebe80000)
  from space 3072K, 97% used [0x00000000ec200000,0x00000000ec4ea080,0x00000000ec500000)
  to   space 3584K, 0% used [0x00000000ebe80000,0x00000000ebe80000,0x00000000ec200000)
 ParOldGen       total 68608K, used 31671K [0x00000000c0000000, 0x00000000c4300000, 0x00000000eab00000)
  object space 68608K, 46% used [0x00000000c0000000,0x00000000c1eedf80,0x00000000c4300000)
 Metaspace       used 48054K, capacity 50765K, committed 50816K, reserved 1093632K
  class space    used 4993K, capacity 5985K, committed 6016K, reserved 1048576K
}
Event: 42.179 GC heap after
{Heap after GC invocations=17 (full 2):
 PSYoungGen      total 23040K, used 2841K [0x00000000eab00000, 0x00000000ec480000, 0x0000000100000000)
  eden space 19968K, 0% used [0x00000000eab00000,0x00000000eab00000,0x00000000ebe80000)
  from space 3072K, 92% used [0x00000000ebe80000,0x00000000ec146510,0x00000000ec180000)
  to   space 3072K, 0% used [0x00000000ec180000,0x00000000ec180000,0x00000000ec480000)
 ParOldGen       total 68608K, used 34607K [0x00000000c0000000, 0x00000000c4300000, 0x00000000eab00000)
  object space 68608K, 50% used [0x00000000c0000000,0x00000000c21cbc90,0x00000000c4300000)
 Metaspace       used 48054K, capacity 50765K, committed 50816K, reserved 1093632K
  class space    used 4993K, capacity 5985K, committed 6016K, reserved 1048576K
}
Event: 42.448 GC heap before
{Heap before GC invocations=18 (full 2):
 PSYoungGen      total 23040K, used 22809K [0x00000000eab00000, 0x00000000ec480000, 0x0000000100000000)
  eden space 19968K, 100% used [0x00000000eab00000,0x00000000ebe80000,0x00000000ebe80000)
  from space 3072K, 92% used [0x00000000ebe80000,0x00000000ec146510,0x00000000ec180000)
  to   space 3072K, 0% used [0x00000000ec180000,0x00000000ec180000,0x00000000ec480000)
 ParOldGen       total 68608K, used 49927K [0x00000000c0000000, 0x00000000c4300000, 0x00000000eab00000)
  object space 68608K, 72% used [0x00000000c0000000,0x00000000c30c1ca0,0x00000000c4300000)
 Metaspace       used 48166K, capacity 50893K, committed 51072K, reserved 1093632K
  class space    used 5000K, capacity 5985K, committed 6016K, reserved 1048576K
}
Event: 42.470 GC heap after
{Heap after GC invocations=18 (full 2):
 PSYoungGen      total 20480K, used 352K [0x00000000eab00000, 0x00000000ec200000, 0x0000000100000000)
  eden space 19968K, 0% used [0x00000000eab00000,0x00000000eab00000,0x00000000ebe80000)
  from space 512K, 68% used [0x00000000ec180000,0x00000000ec1d8000,0x00000000ec200000)
  to   space 1536K, 0% used [0x00000000ebf00000,0x00000000ebf00000,0x00000000ec080000)
 ParOldGen       total 68608K, used 52481K [0x00000000c0000000, 0x00000000c4300000, 0x00000000eab00000)
  object space 68608K, 76% used [0x00000000c0000000,0x00000000c3340420,0x00000000c4300000)
 Metaspace       used 48166K, capacity 50893K, committed 51072K, reserved 1093632K
  class space    used 5000K, capacity 5985K, committed 6016K, reserved 1048576K
}
Event: 42.589 GC heap before
{Heap before GC invocations=19 (full 2):
 PSYoungGen      total 20480K, used 20320K [0x00000000eab00000, 0x00000000ec200000, 0x0000000100000000)
  eden space 19968K, 100% used [0x00000000eab00000,0x00000000ebe80000,0x00000000ebe80000)
  from space 512K, 68% used [0x00000000ec180000,0x00000000ec1d8000,0x00000000ec200000)
  to   space 1536K, 0% used [0x00000000ebf00000,0x00000000ebf00000,0x00000000ec080000)
 ParOldGen       total 68608K, used 63490K [0x00000000c0000000, 0x00000000c4300000, 0x00000000eab00000)
  object space 68608K, 92% used [0x00000000c0000000,0x00000000c3e009c0,0x00000000c4300000)
 Metaspace       used 48175K, capacity 50893K, committed 51072K, reserved 1093632K
  class space    used 5001K, capacity 5985K, committed 6016K, reserved 1048576K
}
Event: 42.646 GC heap after
{Heap after GC invocations=19 (full 2):
 PSYoungGen      total 21504K, used 160K [0x00000000eab00000, 0x00000000ec200000, 0x0000000100000000)
  eden space 19968K, 0% used [0x00000000eab00000,0x00000000eab00000,0x00000000ebe80000)
  from space 1536K, 10% used [0x00000000ebf00000,0x00000000ebf28000,0x00000000ec080000)
  to   space 512K, 0% used [0x00000000ec180000,0x00000000ec180000,0x00000000ec200000)
 ParOldGen       total 79872K, used 74792K [0x00000000c0000000, 0x00000000c4e00000, 0x00000000eab00000)
  object space 79872K, 93% used [0x00000000c0000000,0x00000000c490a2b8,0x00000000c4e00000)
 Metaspace       used 48175K, capacity 50893K, committed 51072K, reserved 1093632K
  class space    used 5001K, capacity 5985K, committed 6016K, reserved 1048576K
}
Event: 42.646 GC heap before
{Heap before GC invocations=20 (full 3):
 PSYoungGen      total 21504K, used 160K [0x00000000eab00000, 0x00000000ec200000, 0x0000000100000000)
  eden space 19968K, 0% used [0x00000000eab00000,0x00000000eab00000,0x00000000ebe80000)
  from space 1536K, 10% used [0x00000000ebf00000,0x00000000ebf28000,0x00000000ec080000)
  to   space 512K, 0% used [0x00000000ec180000,0x00000000ec180000,0x00000000ec200000)
 ParOldGen       total 79872K, used 74792K [0x00000000c0000000, 0x00000000c4e00000, 0x00000000eab00000)
  object space 79872K, 93% used [0x00000000c0000000,0x00000000c490a2b8,0x00000000c4e00000)
 Metaspace       used 48175K, capacity 50893K, committed 51072K, reserved 1093632K
  class space    used 5001K, capacity 5985K, committed 6016K, reserved 1048576K
}
Event: 43.591 GC heap after
{Heap after GC invocations=20 (full 3):
 PSYoungGen      total 20480K, used 0K [0x00000000eab00000, 0x00000000ec200000, 0x0000000100000000)
  eden space 19968K, 0% used [0x00000000eab00000,0x00000000eab00000,0x00000000ebe80000)
  from space 512K, 0% used [0x00000000ec180000,0x00000000ec180000,0x00000000ec200000)
  to   space 512K, 0% used [0x00000000ec100000,0x00000000ec100000,0x00000000ec180000)
 ParOldGen       total 96256K, used 58193K [0x00000000c0000000, 0x00000000c5e00000, 0x00000000eab00000)
  object space 96256K, 60% used [0x00000000c0000000,0x00000000c38d4438,0x00000000c5e00000)
 Metaspace       used 48175K, capacity 50893K, committed 51072K, reserved 1093632K
  class space    used 5001K, capacity 5985K, committed 6016K, reserved 1048576K
}
Event: 43.961 GC heap before
{Heap before GC invocations=21 (full 3):
 PSYoungGen      total 20480K, used 19968K [0x00000000eab00000, 0x00000000ec200000, 0x0000000100000000)
  eden space 19968K, 100% used [0x00000000eab00000,0x00000000ebe80000,0x00000000ebe80000)
  from space 512K, 0% used [0x00000000ec180000,0x00000000ec180000,0x00000000ec200000)
  to   space 512K, 0% used [0x00000000ec100000,0x00000000ec100000,0x00000000ec180000)
 ParOldGen       total 96256K, used 58193K [0x00000000c0000000, 0x00000000c5e00000, 0x00000000eab00000)
  object space 96256K, 60% used [0x00000000c0000000,0x00000000c38d4438,0x00000000c5e00000)
 Metaspace       used 48782K, capacity 51570K, committed 51712K, reserved 1095680K
  class space    used 5052K, capacity 6063K, committed 6144K, reserved 1048576K
}
Event: 44.037 GC heap after
{Heap after GC invocations=21 (full 3):
 PSYoungGen      total 20480K, used 512K [0x00000000eab00000, 0x00000000ed580000, 0x0000000100000000)
  eden space 19968K, 0% used [0x00000000eab00000,0x00000000eab00000,0x00000000ebe80000)
  from space 512K, 100% used [0x00000000ec100000,0x00000000ec180000,0x00000000ec180000)
  to   space 11776K, 0% used [0x00000000eca00000,0x00000000eca00000,0x00000000ed580000)
 ParOldGen       total 96256K, used 67329K [0x00000000c0000000, 0x00000000c5e00000, 0x00000000eab00000)
  object space 96256K, 69% used [0x00000000c0000000,0x00000000c41c0438,0x00000000c5e00000)
 Metaspace       used 48782K, capacity 51570K, committed 51712K, reserved 1095680K
  class space    used 5052K, capacity 6063K, committed 6144K, reserved 1048576K
}
Event: 44.344 GC heap before
{Heap before GC invocations=22 (full 3):
 PSYoungGen      total 20480K, used 20480K [0x00000000eab00000, 0x00000000ed580000, 0x0000000100000000)
  eden space 19968K, 100% used [0x00000000eab00000,0x00000000ebe80000,0x00000000ebe80000)
  from space 512K, 100% used [0x00000000ec100000,0x00000000ec180000,0x00000000ec180000)
  to   space 11776K, 0% used [0x00000000eca00000,0x00000000eca00000,0x00000000ed580000)
 ParOldGen       total 96256K, used 67329K [0x00000000c0000000, 0x00000000c5e00000, 0x00000000eab00000)
  object space 96256K, 69% used [0x00000000c0000000,0x00000000c41c0438,0x00000000c5e00000)
 Metaspace       used 49427K, capacity 52148K, committed 52224K, reserved 1095680K
  class space    used 5128K, capacity 6140K, committed 6144K, reserved 1048576K
}
Event: 44.370 GC heap after
{Heap after GC invocations=22 (full 3):
 PSYoungGen      total 27648K, used 11776K [0x00000000eab00000, 0x00000000edd80000, 0x0000000100000000)
  eden space 15872K, 0% used [0x00000000eab00000,0x00000000eab00000,0x00000000eba80000)
  from space 11776K, 100% used [0x00000000eca00000,0x00000000ed580000,0x00000000ed580000)
  to   space 15872K, 0% used [0x00000000eba80000,0x00000000eba80000,0x00000000eca00000)
 ParOldGen       total 96256K, used 69733K [0x00000000c0000000, 0x00000000c5e00000, 0x00000000eab00000)
  object space 96256K, 72% used [0x00000000c0000000,0x00000000c4419448,0x00000000c5e00000)
 Metaspace       used 49427K, capacity 52148K, committed 52224K, reserved 1095680K
  class space    used 5128K, capacity 6140K, committed 6144K, reserved 1048576K
}
Event: 44.588 GC heap before
{Heap before GC invocations=23 (full 3):
 PSYoungGen      total 27648K, used 27648K [0x00000000eab00000, 0x00000000edd80000, 0x0000000100000000)
  eden space 15872K, 100% used [0x00000000eab00000,0x00000000eba80000,0x00000000eba80000)
  from space 11776K, 100% used [0x00000000eca00000,0x00000000ed580000,0x00000000ed580000)
  to   space 15872K, 0% used [0x00000000eba80000,0x00000000eba80000,0x00000000eca00000)
 ParOldGen       total 96256K, used 69733K [0x00000000c0000000, 0x00000000c5e00000, 0x00000000eab00000)
  object space 96256K, 72% used [0x00000000c0000000,0x00000000c4419448,0x00000000c5e00000)
 Metaspace       used 49673K, capacity 52436K, committed 52608K, reserved 1095680K
  class space    used 5148K, capacity 6172K, committed 6272K, reserved 1048576K
}
Event: 44.670 GC heap after
{Heap after GC invocations=23 (full 3):
 PSYoungGen      total 31744K, used 11584K [0x00000000eab00000, 0x00000000ed880000, 0x0000000100000000)
  eden space 15872K, 0% used [0x00000000eab00000,0x00000000eab00000,0x00000000eba80000)
  from space 15872K, 72% used [0x00000000eba80000,0x00000000ec5d0020,0x00000000eca00000)
  to   space 12800K, 0% used [0x00000000ecc00000,0x00000000ecc00000,0x00000000ed880000)
 ParOldGen       total 96256K, used 81533K [0x00000000c0000000, 0x00000000c5e00000, 0x00000000eab00000)
  object space 96256K, 84% used [0x00000000c0000000,0x00000000c4f9f468,0x00000000c5e00000)
 Metaspace       used 49673K, capacity 52436K, committed 52608K, reserved 1095680K
  class space    used 5148K, capacity 6172K, committed 6272K, reserved 1048576K
}
Event: 46.741 GC heap before
{Heap before GC invocations=24 (full 3):
 PSYoungGen      total 31744K, used 27456K [0x00000000eab00000, 0x00000000ed880000, 0x0000000100000000)
  eden space 15872K, 100% used [0x00000000eab00000,0x00000000eba80000,0x00000000eba80000)
  from space 15872K, 72% used [0x00000000eba80000,0x00000000ec5d0020,0x00000000eca00000)
  to   space 12800K, 0% used [0x00000000ecc00000,0x00000000ecc00000,0x00000000ed880000)
 ParOldGen       total 96256K, used 81533K [0x00000000c0000000, 0x00000000c5e00000, 0x00000000eab00000)
  object space 96256K, 84% used [0x00000000c0000000,0x00000000c4f9f468,0x00000000c5e00000)
 Metaspace       used 50241K, capacity 52993K, committed 53120K, reserved 1095680K
  class space    used 5190K, capacity 6208K, committed 6272K, reserved 1048576K
}
Event: 46.772 GC heap after
{Heap after GC invocations=24 (full 3):
 PSYoungGen      total 21504K, used 5440K [0x00000000eab00000, 0x00000000ed180000, 0x0000000100000000)
  eden space 15872K, 0% used [0x00000000eab00000,0x00000000eab00000,0x00000000eba80000)
  from space 5632K, 96% used [0x00000000ecc00000,0x00000000ed150020,0x00000000ed180000)
  to   space 8192K, 0% used [0x00000000ec180000,0x00000000ec180000,0x00000000ec980000)
 ParOldGen       total 96256K, used 93069K [0x00000000c0000000, 0x00000000c5e00000, 0x00000000eab00000)
  object space 96256K, 96% used [0x00000000c0000000,0x00000000c5ae3468,0x00000000c5e00000)
 Metaspace       used 50241K, capacity 52993K, committed 53120K, reserved 1095680K
  class space    used 5190K, capacity 6208K, committed 6272K, reserved 1048576K
}
Event: 46.772 GC heap before
{Heap before GC invocations=25 (full 4):
 PSYoungGen      total 21504K, used 5440K [0x00000000eab00000, 0x00000000ed180000, 0x0000000100000000)
  eden space 15872K, 0% used [0x00000000eab00000,0x00000000eab00000,0x00000000eba80000)
  from space 5632K, 96% used [0x00000000ecc00000,0x00000000ed150020,0x00000000ed180000)
  to   space 8192K, 0% used [0x00000000ec180000,0x00000000ec180000,0x00000000ec980000)
 ParOldGen       total 96256K, used 93069K [0x00000000c0000000, 0x00000000c5e00000, 0x00000000eab00000)
  object space 96256K, 96% used [0x00000000c0000000,0x00000000c5ae3468,0x00000000c5e00000)
 Metaspace       used 50241K, capacity 52993K, committed 53120K, reserved 1095680K
  class space    used 5190K, capacity 6208K, committed 6272K, reserved 1048576K
}
Event: 47.624 GC heap after
{Heap after GC invocations=25 (full 4):
 PSYoungGen      total 19456K, used 0K [0x00000000eab00000, 0x00000000ecd80000, 0x0000000100000000)
  eden space 18944K, 0% used [0x00000000eab00000,0x00000000eab00000,0x00000000ebd80000)
  from space 512K, 0% used [0x00000000ec180000,0x00000000ec180000,0x00000000ec200000)
  to   space 8192K, 0% used [0x00000000ec580000,0x00000000ec580000,0x00000000ecd80000)
 ParOldGen       total 124416K, used 73419K [0x00000000c0000000, 0x00000000c7980000, 0x00000000eab00000)
  object space 124416K, 59% used [0x00000000c0000000,0x00000000c47b2f88,0x00000000c7980000)
 Metaspace       used 50241K, capacity 52993K, committed 53120K, reserved 1095680K
  class space    used 5190K, capacity 6208K, committed 6272K, reserved 1048576K
}
Event: 50.051 GC heap before
{Heap before GC invocations=26 (full 4):
 PSYoungGen      total 19456K, used 18944K [0x00000000eab00000, 0x00000000ecd80000, 0x0000000100000000)
  eden space 18944K, 100% used [0x00000000eab00000,0x00000000ebd80000,0x00000000ebd80000)
  from space 512K, 0% used [0x00000000ec180000,0x00000000ec180000,0x00000000ec200000)
  to   space 8192K, 0% used [0x00000000ec580000,0x00000000ec580000,0x00000000ecd80000)
 ParOldGen       total 124416K, used 73419K [0x00000000c0000000, 0x00000000c7980000, 0x00000000eab00000)
  object space 124416K, 59% used [0x00000000c0000000,0x00000000c47b2f88,0x00000000c7980000)
 Metaspace       used 50408K, capacity 53186K, committed 53376K, reserved 1095680K
  class space    used 5192K, capacity 6208K, committed 6272K, reserved 1048576K
}
Event: 50.062 GC heap after
{Heap after GC invocations=26 (full 4):
 PSYoungGen      total 24064K, used 1792K [0x00000000eab00000, 0x00000000ec780000, 0x0000000100000000)
  eden space 22016K, 0% used [0x00000000eab00000,0x00000000eab00000,0x00000000ec080000)
  from space 2048K, 87% used [0x00000000ec580000,0x00000000ec740000,0x00000000ec780000)
  to   space 3584K, 0% used [0x00000000ec080000,0x00000000ec080000,0x00000000ec400000)
 ParOldGen       total 124416K, used 73427K [0x00000000c0000000, 0x00000000c7980000, 0x00000000eab00000)
  object space 124416K, 59% used [0x00000000c0000000,0x00000000c47b4f88,0x00000000c7980000)
 Metaspace       used 50408K, capacity 53186K, committed 53376K, reserved 1095680K
  class space    used 5192K, capacity 6208K, committed 6272K, reserved 1048576K
}

