# JRE version: OpenJDK Runtime Environment Corretto-11.0.12.7.1 (11.0.12+7) (build 11.0.12+7-LTS)
# Java VM: OpenJDK 64-Bit Server VM Corretto-11.0.12.7.1 (11.0.12+7-LTS, mixed mode, tiered, compressed oops, parallel gc, windows-amd64)
Heap:
 PSYoungGen      total 17408K, used 15817K [0x00000000eab00000, 0x00000000ec300000, 0x0000000100000000)
  eden space 14336K, 89% used [0x00000000eab00000,0x00000000eb777630,0x00000000eb900000)
  from space 3072K, 99% used [0x00000000ebe80000,0x00000000ec17ae10,0x00000000ec180000)
  to   space 1536K, 0% used [0x00000000ec180000,0x00000000ec180000,0x00000000ec300000)
 ParOldGen       total 132608K, used 114148K [0x00000000c0000000, 0x00000000c8180000, 0x00000000eab00000)
  object space 132608K, 86% used [0x00000000c0000000,0x00000000c6f79028,0x00000000c8180000)
 Metaspace       used 59166K, capacity 62361K, committed 62640K, reserved 1105920K
  class space    used 5862K, capacity 7049K, committed 7088K, reserved 1048576K
GC Heap History (20 events):
Event: 31.382 GC heap before
{Heap before GC invocations=28 (full 4):
 PSYoungGen      total 22016K, used 20169K [0x00000000eab00000, 0x00000000ec480000, 0x0000000100000000)
  eden space 17408K, 100% used [0x00000000eab00000,0x00000000ebc00000,0x00000000ebc00000)
  from space 4608K, 59% used [0x00000000ebc00000,0x00000000ebeb2410,0x00000000ec080000)
  to   space 3584K, 0% used [0x00000000ec100000,0x00000000ec100000,0x00000000ec480000)
 ParOldGen       total 132608K, used 84418K [0x00000000c0000000, 0x00000000c8180000, 0x00000000eab00000)
  object space 132608K, 63% used [0x00000000c0000000,0x00000000c5270978,0x00000000c8180000)
 Metaspace       used 51107K, capacity 53703K, committed 53936K, reserved 1097728K
  class space    used 5188K, capacity 6196K, committed 6320K, reserved 1048576K
}
Event: 31.389 GC heap after
{Heap after GC invocations=28 (full 4):
 PSYoungGen      total 20992K, used 3582K [0x00000000eab00000, 0x00000000ec780000, 0x0000000100000000)
  eden space 17408K, 0% used [0x00000000eab00000,0x00000000eab00000,0x00000000ebc00000)
  from space 3584K, 99% used [0x00000000ec100000,0x00000000ec47fb20,0x00000000ec480000)
  to   space 5120K, 0% used [0x00000000ebc00000,0x00000000ebc00000,0x00000000ec100000)
 ParOldGen       total 132608K, used 85170K [0x00000000c0000000, 0x00000000c8180000, 0x00000000eab00000)
  object space 132608K, 64% used [0x00000000c0000000,0x00000000c532c978,0x00000000c8180000)
 Metaspace       used 51107K, capacity 53703K, committed 53936K, reserved 1097728K
  class space    used 5188K, capacity 6196K, committed 6320K, reserved 1048576K
}
Event: 32.223 GC heap before
{Heap before GC invocations=29 (full 4):
 PSYoungGen      total 20992K, used 20990K [0x00000000eab00000, 0x00000000ec780000, 0x0000000100000000)
  eden space 17408K, 100% used [0x00000000eab00000,0x00000000ebc00000,0x00000000ebc00000)
  from space 3584K, 99% used [0x00000000ec100000,0x00000000ec47fb20,0x00000000ec480000)
  to   space 5120K, 0% used [0x00000000ebc00000,0x00000000ebc00000,0x00000000ec100000)
 ParOldGen       total 132608K, used 85170K [0x00000000c0000000, 0x00000000c8180000, 0x00000000eab00000)
  object space 132608K, 64% used [0x00000000c0000000,0x00000000c532c978,0x00000000c8180000)
 Metaspace       used 53881K, capacity 56632K, committed 56752K, reserved 1099776K
  class space    used 5420K, capacity 6511K, committed 6576K, reserved 1048576K
}
Event: 32.252 GC heap after
{Heap after GC invocations=29 (full 4):
 PSYoungGen      total 20480K, used 2949K [0x00000000eab00000, 0x00000000ec400000, 0x0000000100000000)
  eden space 17408K, 0% used [0x00000000eab00000,0x00000000eab00000,0x00000000ebc00000)
  from space 3072K, 96% used [0x00000000ebc00000,0x00000000ebee1538,0x00000000ebf00000)
  to   space 3584K, 0% used [0x00000000ec080000,0x00000000ec080000,0x00000000ec400000)
 ParOldGen       total 132608K, used 87801K [0x00000000c0000000, 0x00000000c8180000, 0x00000000eab00000)
  object space 132608K, 66% used [0x00000000c0000000,0x00000000c55be620,0x00000000c8180000)
 Metaspace       used 53881K, capacity 56632K, committed 56752K, reserved 1099776K
  class space    used 5420K, capacity 6511K, committed 6576K, reserved 1048576K
}
Event: 33.706 GC heap before
{Heap before GC invocations=30 (full 4):
 PSYoungGen      total 20480K, used 20357K [0x00000000eab00000, 0x00000000ec400000, 0x0000000100000000)
  eden space 17408K, 100% used [0x00000000eab00000,0x00000000ebc00000,0x00000000ebc00000)
  from space 3072K, 96% used [0x00000000ebc00000,0x00000000ebee1538,0x00000000ebf00000)
  to   space 3584K, 0% used [0x00000000ec080000,0x00000000ec080000,0x00000000ec400000)
 ParOldGen       total 132608K, used 87801K [0x00000000c0000000, 0x00000000c8180000, 0x00000000eab00000)
  object space 132608K, 66% used [0x00000000c0000000,0x00000000c55be620,0x00000000c8180000)
 Metaspace       used 55840K, capacity 58765K, committed 59056K, reserved 1101824K
  class space    used 5609K, capacity 6730K, committed 6832K, reserved 1048576K
}
Event: 33.719 GC heap after
{Heap after GC invocations=30 (full 4):
 PSYoungGen      total 15872K, used 3553K [0x00000000eab00000, 0x00000000ed000000, 0x0000000100000000)
  eden space 12288K, 0% used [0x00000000eab00000,0x00000000eab00000,0x00000000eb700000)
  from space 3584K, 99% used [0x00000000ec080000,0x00000000ec3f8460,0x00000000ec400000)
  to   space 9728K, 0% used [0x00000000eb700000,0x00000000eb700000,0x00000000ec080000)
 ParOldGen       total 132608K, used 92756K [0x00000000c0000000, 0x00000000c8180000, 0x00000000eab00000)
  object space 132608K, 69% used [0x00000000c0000000,0x00000000c5a95210,0x00000000c8180000)
 Metaspace       used 55840K, capacity 58765K, committed 59056K, reserved 1101824K
  class space    used 5609K, capacity 6730K, committed 6832K, reserved 1048576K
}
Event: 34.056 GC heap before
{Heap before GC invocations=31 (full 4):
 PSYoungGen      total 15872K, used 15841K [0x00000000eab00000, 0x00000000ed000000, 0x0000000100000000)
  eden space 12288K, 100% used [0x00000000eab00000,0x00000000eb700000,0x00000000eb700000)
  from space 3584K, 99% used [0x00000000ec080000,0x00000000ec3f8460,0x00000000ec400000)
  to   space 9728K, 0% used [0x00000000eb700000,0x00000000eb700000,0x00000000ec080000)
 ParOldGen       total 132608K, used 92756K [0x00000000c0000000, 0x00000000c8180000, 0x00000000eab00000)
  object space 132608K, 69% used [0x00000000c0000000,0x00000000c5a95210,0x00000000c8180000)
 Metaspace       used 55852K, capacity 58765K, committed 59056K, reserved 1101824K
  class space    used 5609K, capacity 6730K, committed 6832K, reserved 1048576K
}
Event: 34.084 GC heap after
{Heap after GC invocations=31 (full 4):
 PSYoungGen      total 22016K, used 9714K [0x00000000eab00000, 0x00000000eda00000, 0x0000000100000000)
  eden space 12288K, 0% used [0x00000000eab00000,0x00000000eab00000,0x00000000eb700000)
  from space 9728K, 99% used [0x00000000eb700000,0x00000000ec07c8f0,0x00000000ec080000)
  to   space 17408K, 0% used [0x00000000ec900000,0x00000000ec900000,0x00000000eda00000)
 ParOldGen       total 132608K, used 98622K [0x00000000c0000000, 0x00000000c8180000, 0x00000000eab00000)
  object space 132608K, 74% used [0x00000000c0000000,0x00000000c604fb88,0x00000000c8180000)
 Metaspace       used 55852K, capacity 58765K, committed 59056K, reserved 1101824K
  class space    used 5609K, capacity 6730K, committed 6832K, reserved 1048576K
}
Event: 34.826 GC heap before
{Heap before GC invocations=32 (full 4):
 PSYoungGen      total 22016K, used 21990K [0x00000000eab00000, 0x00000000eda00000, 0x0000000100000000)
  eden space 12288K, 99% used [0x00000000eab00000,0x00000000eb6fd2d0,0x00000000eb700000)
  from space 9728K, 99% used [0x00000000eb700000,0x00000000ec07c8f0,0x00000000ec080000)
  to   space 17408K, 0% used [0x00000000ec900000,0x00000000ec900000,0x00000000eda00000)
 ParOldGen       total 132608K, used 98622K [0x00000000c0000000, 0x00000000c8180000, 0x00000000eab00000)
  object space 132608K, 74% used [0x00000000c0000000,0x00000000c604fb88,0x00000000c8180000)
 Metaspace       used 56904K, capacity 59852K, committed 60080K, reserved 1101824K
  class space    used 5689K, capacity 6811K, committed 6832K, reserved 1048576K
}
Event: 34.887 GC heap after
{Heap after GC invocations=32 (full 4):
 PSYoungGen      total 17408K, used 3658K [0x00000000eab00000, 0x00000000ecd00000, 0x0000000100000000)
  eden space 13312K, 0% used [0x00000000eab00000,0x00000000eab00000,0x00000000eb800000)
  from space 4096K, 89% used [0x00000000ec900000,0x00000000ecc92a28,0x00000000ecd00000)
  to   space 8192K, 0% used [0x00000000ebd00000,0x00000000ebd00000,0x00000000ec500000)
 ParOldGen       total 132608K, used 108378K [0x00000000c0000000, 0x00000000c8180000, 0x00000000eab00000)
  object space 132608K, 81% used [0x00000000c0000000,0x00000000c69d6870,0x00000000c8180000)
 Metaspace       used 56904K, capacity 59852K, committed 60080K, reserved 1101824K
  class space    used 5689K, capacity 6811K, committed 6832K, reserved 1048576K
}
Event: 42.553 GC heap before
{Heap before GC invocations=33 (full 4):
 PSYoungGen      total 17408K, used 16970K [0x00000000eab00000, 0x00000000ecd00000, 0x0000000100000000)
  eden space 13312K, 100% used [0x00000000eab00000,0x00000000eb800000,0x00000000eb800000)
  from space 4096K, 89% used [0x00000000ec900000,0x00000000ecc92a28,0x00000000ecd00000)
  to   space 8192K, 0% used [0x00000000ebd00000,0x00000000ebd00000,0x00000000ec500000)
 ParOldGen       total 132608K, used 108378K [0x00000000c0000000, 0x00000000c8180000, 0x00000000eab00000)
  object space 132608K, 81% used [0x00000000c0000000,0x00000000c69d6870,0x00000000c8180000)
 Metaspace       used 57770K, capacity 60654K, committed 60976K, reserved 1103872K
  class space    used 5774K, capacity 6866K, committed 6960K, reserved 1048576K
}
Event: 42.567 GC heap after
{Heap after GC invocations=33 (full 4):
 PSYoungGen      total 22528K, used 8188K [0x00000000eab00000, 0x00000000ed000000, 0x0000000100000000)
  eden space 14336K, 0% used [0x00000000eab00000,0x00000000eab00000,0x00000000eb900000)
  from space 8192K, 99% used [0x00000000ebd00000,0x00000000ec4ff108,0x00000000ec500000)
  to   space 11264K, 0% used [0x00000000ec500000,0x00000000ec500000,0x00000000ed000000)
 ParOldGen       total 132608K, used 110266K [0x00000000c0000000, 0x00000000c8180000, 0x00000000eab00000)
  object space 132608K, 83% used [0x00000000c0000000,0x00000000c6bae870,0x00000000c8180000)
 Metaspace       used 57770K, capacity 60654K, committed 60976K, reserved 1103872K
  class space    used 5774K, capacity 6866K, committed 6960K, reserved 1048576K
}
Event: 258.701 GC heap before
{Heap before GC invocations=34 (full 4):
 PSYoungGen      total 22528K, used 22524K [0x00000000eab00000, 0x00000000ed000000, 0x0000000100000000)
  eden space 14336K, 100% used [0x00000000eab00000,0x00000000eb900000,0x00000000eb900000)
  from space 8192K, 99% used [0x00000000ebd00000,0x00000000ec4ff108,0x00000000ec500000)
  to   space 11264K, 0% used [0x00000000ec500000,0x00000000ec500000,0x00000000ed000000)
 ParOldGen       total 132608K, used 110266K [0x00000000c0000000, 0x00000000c8180000, 0x00000000eab00000)
  object space 132608K, 83% used [0x00000000c0000000,0x00000000c6bae870,0x00000000c8180000)
 Metaspace       used 58146K, capacity 61145K, committed 61360K, reserved 1103872K
  class space    used 5796K, capacity 6946K, committed 7088K, reserved 1048576K
}
Event: 258.716 GC heap after
{Heap after GC invocations=34 (full 4):
 PSYoungGen      total 19968K, used 5342K [0x00000000eab00000, 0x00000000eca80000, 0x0000000100000000)
  eden space 14336K, 0% used [0x00000000eab00000,0x00000000eab00000,0x00000000eb900000)
  from space 5632K, 94% used [0x00000000ec500000,0x00000000eca379b8,0x00000000eca80000)
  to   space 7168K, 0% used [0x00000000ebc80000,0x00000000ebc80000,0x00000000ec380000)
 ParOldGen       total 132608K, used 114140K [0x00000000c0000000, 0x00000000c8180000, 0x00000000eab00000)
  object space 132608K, 86% used [0x00000000c0000000,0x00000000c6f77028,0x00000000c8180000)
 Metaspace       used 58146K, capacity 61145K, committed 61360K, reserved 1103872K
  class space    used 5796K, capacity 6946K, committed 7088K, reserved 1048576K
}
Event: 262.670 GC heap before
{Heap before GC invocations=35 (full 4):
 PSYoungGen      total 19968K, used 19678K [0x00000000eab00000, 0x00000000eca80000, 0x0000000100000000)
  eden space 14336K, 100% used [0x00000000eab00000,0x00000000eb900000,0x00000000eb900000)
  from space 5632K, 94% used [0x00000000ec500000,0x00000000eca379b8,0x00000000eca80000)
  to   space 7168K, 0% used [0x00000000ebc80000,0x00000000ebc80000,0x00000000ec380000)
 ParOldGen       total 132608K, used 114140K [0x00000000c0000000, 0x00000000c8180000, 0x00000000eab00000)
  object space 132608K, 86% used [0x00000000c0000000,0x00000000c6f77028,0x00000000c8180000)
 Metaspace       used 58548K, capacity 61667K, committed 61872K, reserved 1103872K
  class space    used 5831K, capacity 7013K, committed 7088K, reserved 1048576K
}
Event: 262.689 GC heap after
{Heap after GC invocations=35 (full 4):
 PSYoungGen      total 15360K, used 921K [0x00000000eab00000, 0x00000000ec580000, 0x0000000100000000)
  eden space 14336K, 0% used [0x00000000eab00000,0x00000000eab00000,0x00000000eb900000)
  from space 1024K, 89% used [0x00000000ebc80000,0x00000000ebd66610,0x00000000ebd80000)
  to   space 3072K, 0% used [0x00000000ec280000,0x00000000ec280000,0x00000000ec580000)
 ParOldGen       total 132608K, used 114140K [0x00000000c0000000, 0x00000000c8180000, 0x00000000eab00000)
  object space 132608K, 86% used [0x00000000c0000000,0x00000000c6f77028,0x00000000c8180000)
 Metaspace       used 58548K, capacity 61667K, committed 61872K, reserved 1103872K
  class space    used 5831K, capacity 7013K, committed 7088K, reserved 1048576K
}
Event: 265.238 GC heap before
{Heap before GC invocations=36 (full 4):
 PSYoungGen      total 15360K, used 15257K [0x00000000eab00000, 0x00000000ec580000, 0x0000000100000000)
  eden space 14336K, 100% used [0x00000000eab00000,0x00000000eb900000,0x00000000eb900000)
  from space 1024K, 89% used [0x00000000ebc80000,0x00000000ebd66610,0x00000000ebd80000)
  to   space 3072K, 0% used [0x00000000ec280000,0x00000000ec280000,0x00000000ec580000)
 ParOldGen       total 132608K, used 114140K [0x00000000c0000000, 0x00000000c8180000, 0x00000000eab00000)
  object space 132608K, 86% used [0x00000000c0000000,0x00000000c6f77028,0x00000000c8180000)
 Metaspace       used 58969K, capacity 62096K, committed 62384K, reserved 1103872K
  class space    used 5860K, capacity 7047K, committed 7088K, reserved 1048576K
}
Event: 265.291 GC heap after
{Heap after GC invocations=36 (full 4):
 PSYoungGen      total 17408K, used 2731K [0x00000000eab00000, 0x00000000ec580000, 0x0000000100000000)
  eden space 14336K, 0% used [0x00000000eab00000,0x00000000eab00000,0x00000000eb900000)
  from space 3072K, 88% used [0x00000000ec280000,0x00000000ec52acd0,0x00000000ec580000)
  to   space 3584K, 0% used [0x00000000ebe80000,0x00000000ebe80000,0x00000000ec200000)
 ParOldGen       total 132608K, used 114140K [0x00000000c0000000, 0x00000000c8180000, 0x00000000eab00000)
  object space 132608K, 86% used [0x00000000c0000000,0x00000000c6f77028,0x00000000c8180000)
 Metaspace       used 58969K, capacity 62096K, committed 62384K, reserved 1103872K
  class space    used 5860K, capacity 7047K, committed 7088K, reserved 1048576K
}
Event: 265.831 GC heap before
{Heap before GC invocations=37 (full 4):
 PSYoungGen      total 17408K, used 17067K [0x00000000eab00000, 0x00000000ec580000, 0x0000000100000000)
  eden space 14336K, 100% used [0x00000000eab00000,0x00000000eb900000,0x00000000eb900000)
  from space 3072K, 88% used [0x00000000ec280000,0x00000000ec52acd0,0x00000000ec580000)
  to   space 3584K, 0% used [0x00000000ebe80000,0x00000000ebe80000,0x00000000ec200000)
 ParOldGen       total 132608K, used 114140K [0x00000000c0000000, 0x00000000c8180000, 0x00000000eab00000)
  object space 132608K, 86% used [0x00000000c0000000,0x00000000c6f77028,0x00000000c8180000)
 Metaspace       used 59048K, capacity 62160K, committed 62384K, reserved 1103872K
  class space    used 5860K, capacity 7047K, committed 7088K, reserved 1048576K
}
Event: 265.891 GC heap after
{Heap after GC invocations=37 (full 4):
 PSYoungGen      total 17408K, used 3051K [0x00000000eab00000, 0x00000000ec300000, 0x0000000100000000)
  eden space 14336K, 0% used [0x00000000eab00000,0x00000000eab00000,0x00000000eb900000)
  from space 3072K, 99% used [0x00000000ebe80000,0x00000000ec17ae10,0x00000000ec180000)
  to   space 1536K, 0% used [0x00000000ec180000,0x00000000ec180000,0x00000000ec300000)
 ParOldGen       total 132608K, used 114148K [0x00000000c0000000, 0x00000000c8180000, 0x00000000eab00000)
  object space 132608K, 86% used [0x00000000c0000000,0x00000000c6f79028,0x00000000c8180000)
 Metaspace       used 59048K, capacity 62160K, committed 62384K, reserved 1103872K
  class space    used 5860K, capacity 7047K, committed 7088K, reserved 1048576K
}

